<?xml version="1.0" encoding="UTF-8"?>
<testng-results skipped="22" failed="1" total="25" passed="2">
  <reporter-output>
    <line>
      <![CDATA[Mon, 11 Mar 2013 14:29:43 IST  ########## Start browser session STARTS ###########
<br>]]>
    </line>
    <line>
      <![CDATA[Mon, 11 Mar 2013 14:29:56 IST  ########## Start browser session ENDS ###########
<br>]]>
    </line>
    <line>
      <![CDATA[Mon, 11 Mar 2013 14:29:56 IST  ########## Start Launch Home Page STARTS ###########
<br>]]>
    </line>
    <line>
      <![CDATA[Mon, 11 Mar 2013 14:30:57 IST  ########## Start Launch Home Page ENDS ###########
<br>]]>
    </line>
    <line>
      <![CDATA[Mon, 11 Mar 2013 14:30:57 IST  ########## Start Launch Home Page STARTS ###########
<br>]]>
    </line>
    <line>
      <![CDATA[Mon, 11 Mar 2013 14:30:57 IST Click on Receive Information (No course) - Pass
<br>]]>
    </line>
    <line>
      <![CDATA[Mon, 11 Mar 2013 14:31:18 IST  Penn Foster School Image Verify - Pass
<br>]]>
    </line>
    <line>
      <![CDATA[Mon, 11 Mar 2013 14:32:19 IST  ########## Stop Browser Session ###########
<br>]]>
    </line>
  </reporter-output>
  <suite name="Default suite" duration-ms="159113" started-at="2013-03-11T08:59:43Z" finished-at="2013-03-11T09:02:22Z">
    <groups>
    </groups>
    <test name="Default test" duration-ms="159113" started-at="2013-03-11T08:59:43Z" finished-at="2013-03-11T09:02:22Z">
      <class name="com.jav.Domestic.tests.SiteCoreULR_Feature_Test">
        <test-method status="PASS" signature="initialsettings()[pri:0, instance:com.jav.Domestic.tests.SiteCoreULR_Feature_Test@17471e0]" name="initialsettings" is-config="true" duration-ms="12" started-at="2013-03-11T14:29:43Z" finished-at="2013-03-11T14:29:43Z">
          <reporter-output>
          </reporter-output>
        </test-method> <!-- initialsettings -->
        <test-method status="PASS" signature="setup()[pri:0, instance:com.jav.Domestic.tests.SiteCoreULR_Feature_Test@17471e0]" name="setup" duration-ms="13180" started-at="2013-03-11T14:29:43Z" finished-at="2013-03-11T14:29:56Z">
          <reporter-output>
            <line>
              <![CDATA[Mon, 11 Mar 2013 14:29:43 IST  ########## Start browser session STARTS ###########
<br>]]>
            </line>
            <line>
              <![CDATA[Mon, 11 Mar 2013 14:29:56 IST  ########## Start browser session ENDS ###########
<br>]]>
            </line>
          </reporter-output>
        </test-method> <!-- setup -->
        <test-method status="PASS" signature="launchSelectedSiteCoreURL()[pri:0, instance:com.jav.Domestic.tests.SiteCoreULR_Feature_Test@17471e0]" name="launchSelectedSiteCoreURL" duration-ms="60459" started-at="2013-03-11T14:29:56Z" depends-on-methods="com.jav.Domestic.tests.SiteCoreULR_Feature_Test.setup" finished-at="2013-03-11T14:30:57Z">
          <reporter-output>
            <line>
              <![CDATA[Mon, 11 Mar 2013 14:29:56 IST  ########## Start Launch Home Page STARTS ###########
<br>]]>
            </line>
            <line>
              <![CDATA[Mon, 11 Mar 2013 14:30:57 IST  ########## Start Launch Home Page ENDS ###########
<br>]]>
            </line>
          </reporter-output>
        </test-method> <!-- launchSelectedSiteCoreURL -->
        <test-method status="FAIL" signature="VerifySiteCoreHomePage()[pri:0, instance:com.jav.Domestic.tests.SiteCoreULR_Feature_Test@17471e0]" name="VerifySiteCoreHomePage" duration-ms="82155" started-at="2013-03-11T14:30:57Z" depends-on-methods="com.jav.Domestic.tests.SiteCoreULR_Feature_Test.launchSelectedSiteCoreURL" finished-at="2013-03-11T14:32:19Z">
          <exception class="org.openqa.selenium.TimeoutException">
            <message>
              <![CDATA[Timed out after 50 seconds waiting for visibility of element located by By.xpath: //div[@id='ctl00_ctl00_MasterContentPlaceHolder_NestedMasterContentPlaceHolder_Form_div_ProgramName1']
Build info: version: '2.25.0', revision: '17482', time: '2012-07-18 22:18:01'
System info: os.name: 'Windows Vista', os.arch: 'x86', os.version: '6.1', java.version: '1.6.0'
Driver info: driver.version: unknown]]>
            </message>
            <full-stacktrace>
              <![CDATA[org.openqa.selenium.TimeoutException: Timed out after 50 seconds waiting for visibility of element located by By.xpath: //div[@id='ctl00_ctl00_MasterContentPlaceHolder_NestedMasterContentPlaceHolder_Form_div_ProgramName1']
Build info: version: '2.25.0', revision: '17482', time: '2012-07-18 22:18:01'
System info: os.name: 'Windows Vista', os.arch: 'x86', os.version: '6.1', java.version: '1.6.0'
Driver info: driver.version: unknown
	at org.openqa.selenium.support.ui.FluentWait.timeoutException(FluentWait.java:255)
	at org.openqa.selenium.support.ui.FluentWait.timeoutException(FluentWait.java:270)
	at org.openqa.selenium.support.ui.FluentWait.until(FluentWait.java:222)
	at com.jav.Domestic.pageobjects.SiteCoreULR_Feature_UI.verifyUserNavigatedtoSiteCoreHomepage(SiteCoreULR_Feature_UI.java:400)
	at com.jav.Domestic.fixture.SiteCoreULR_Feature_Fixture.verifyNavigatedtoSiteCoreHomepage(SiteCoreULR_Feature_Fixture.java:15)
	at com.jav.Domestic.tests.SiteCoreULR_Feature_Test.VerifySiteCoreHomePage(SiteCoreULR_Feature_Test.java:75)
	at sun.reflect.NativeMethodAccessorImpl.invoke0(Native Method)
	at sun.reflect.NativeMethodAccessorImpl.invoke(NativeMethodAccessorImpl.java:39)
	at sun.reflect.DelegatingMethodAccessorImpl.invoke(DelegatingMethodAccessorImpl.java:25)
	at java.lang.reflect.Method.invoke(Method.java:597)
	at org.testng.internal.MethodInvocationHelper.invokeMethod(MethodInvocationHelper.java:80)
	at org.testng.internal.Invoker.invokeMethod(Invoker.java:714)
	at org.testng.internal.Invoker.invokeTestMethod(Invoker.java:901)
	at org.testng.internal.Invoker.invokeTestMethods(Invoker.java:1231)
	at org.testng.internal.TestMethodWorker.invokeTestMethods(TestMethodWorker.java:127)
	at org.testng.internal.TestMethodWorker.run(TestMethodWorker.java:111)
	at org.testng.TestRunner.privateRun(TestRunner.java:767)
	at org.testng.TestRunner.run(TestRunner.java:617)
	at org.testng.SuiteRunner.runTest(SuiteRunner.java:334)
	at org.testng.SuiteRunner.runSequentially(SuiteRunner.java:329)
	at org.testng.SuiteRunner.privateRun(SuiteRunner.java:291)
	at org.testng.SuiteRunner.run(SuiteRunner.java:240)
	at org.testng.SuiteRunnerWorker.runSuite(SuiteRunnerWorker.java:52)
	at org.testng.SuiteRunnerWorker.run(SuiteRunnerWorker.java:86)
	at org.testng.TestNG.runSuitesSequentially(TestNG.java:1197)
	at org.testng.TestNG.runSuitesLocally(TestNG.java:1122)
	at org.testng.TestNG.run(TestNG.java:1030)
	at org.testng.remote.RemoteTestNG.run(RemoteTestNG.java:111)
	at org.testng.remote.RemoteTestNG.initAndRun(RemoteTestNG.java:204)
	at org.testng.remote.RemoteTestNG.main(RemoteTestNG.java:175)
Caused by: org.openqa.selenium.NoSuchElementException: The element could not be found (WARNING: The server did not provide any stacktrace information)
Command duration or timeout: 30.06 seconds
For documentation on this error, please visit: http://seleniumhq.org/exceptions/no_such_element.html
Build info: version: '2.25.0', revision: '17482', time: '2012-07-18 22:18:01'
System info: os.name: 'Windows Vista', os.arch: 'x86', os.version: '6.1', java.version: '1.6.0'
Driver info: driver.version: RemoteWebDriver
Session ID: b642d3cd1e9bd17b1294b55fb589edd1
	at sun.reflect.NativeConstructorAccessorImpl.newInstance0(Native Method)
	at sun.reflect.NativeConstructorAccessorImpl.newInstance(NativeConstructorAccessorImpl.java:39)
	at sun.reflect.DelegatingConstructorAccessorImpl.newInstance(DelegatingConstructorAccessorImpl.java:27)
	at java.lang.reflect.Constructor.newInstance(Constructor.java:513)
	at org.openqa.selenium.remote.ErrorHandler.createThrowable(ErrorHandler.java:188)
	at org.openqa.selenium.remote.ErrorHandler.throwIfResponseFailed(ErrorHandler.java:145)
	at org.openqa.selenium.remote.RemoteWebDriver.execute(RemoteWebDriver.java:498)
	at org.openqa.selenium.remote.RemoteWebDriver.findElement(RemoteWebDriver.java:268)
	at org.openqa.selenium.remote.RemoteWebDriver.findElementByXPath(RemoteWebDriver.java:353)
	at org.openqa.selenium.By$ByXPath.findElement(By.java:343)
	at org.openqa.selenium.remote.RemoteWebDriver.findElement(RemoteWebDriver.java:260)
	at org.openqa.selenium.support.ui.ExpectedConditions.findElement(ExpectedConditions.java:426)
	at org.openqa.selenium.support.ui.ExpectedConditions.access$000(ExpectedConditions.java:39)
	at org.openqa.selenium.support.ui.ExpectedConditions$4.apply(ExpectedConditions.java:126)
	at org.openqa.selenium.support.ui.ExpectedConditions$4.apply(ExpectedConditions.java:123)
	at org.openqa.selenium.support.ui.FluentWait.until(FluentWait.java:201)
	... 27 more
]]>
            </full-stacktrace>
          </exception> <!-- org.openqa.selenium.TimeoutException -->
          <reporter-output>
            <line>
              <![CDATA[Mon, 11 Mar 2013 14:30:57 IST  ########## Start Launch Home Page STARTS ###########
<br>]]>
            </line>
            <line>
              <![CDATA[Mon, 11 Mar 2013 14:30:57 IST Click on Receive Information (No course) - Pass
<br>]]>
            </line>
            <line>
              <![CDATA[Mon, 11 Mar 2013 14:31:18 IST  Penn Foster School Image Verify - Pass
<br>]]>
            </line>
          </reporter-output>
        </test-method> <!-- VerifySiteCoreHomePage -->
        <test-method status="SKIP" signature="enterStudentInformationOnStep1Page()[pri:0, instance:com.jav.Domestic.tests.SiteCoreULR_Feature_Test@17471e0]" name="enterStudentInformationOnStep1Page" duration-ms="0" started-at="2013-03-11T14:32:19Z" depends-on-methods="com.jav.Domestic.tests.SiteCoreULR_Feature_Test.verifyElementsDisplayOnStep1EnrollmentProcess" finished-at="2013-03-11T14:32:19Z">
          <reporter-output>
          </reporter-output>
        </test-method> <!-- enterStudentInformationOnStep1Page -->
        <test-method status="SKIP" signature="verifyElementsDisplayOnStep1EnrollmentProcess()[pri:0, instance:com.jav.Domestic.tests.SiteCoreULR_Feature_Test@17471e0]" name="verifyElementsDisplayOnStep1EnrollmentProcess" duration-ms="0" started-at="2013-03-11T14:32:19Z" depends-on-methods="com.jav.Domestic.tests.SiteCoreULR_Feature_Test.VerifySiteCoreHomePage" finished-at="2013-03-11T14:32:19Z">
          <reporter-output>
          </reporter-output>
        </test-method> <!-- verifyElementsDisplayOnStep1EnrollmentProcess -->
        <test-method status="SKIP" signature="verifyElementDisplayOnPersonalInformationPage()[pri:0, instance:com.jav.Domestic.tests.SiteCoreULR_Feature_Test@17471e0]" name="verifyElementDisplayOnPersonalInformationPage" duration-ms="0" started-at="2013-03-11T14:32:19Z" depends-on-methods="com.jav.Domestic.tests.SiteCoreULR_Feature_Test.redirectToThankYouPageAndClickEnrollOnLine" finished-at="2013-03-11T14:32:19Z">
          <reporter-output>
          </reporter-output>
        </test-method> <!-- verifyElementDisplayOnPersonalInformationPage -->
        <test-method status="SKIP" signature="redirectToThankYouPageAndClickEnrollOnLine()[pri:0, instance:com.jav.Domestic.tests.SiteCoreULR_Feature_Test@17471e0]" name="redirectToThankYouPageAndClickEnrollOnLine" duration-ms="0" started-at="2013-03-11T14:32:19Z" depends-on-methods="com.jav.Domestic.tests.SiteCoreULR_Feature_Test.enterStudentInformationOnStep1Page" finished-at="2013-03-11T14:32:19Z">
          <reporter-output>
          </reporter-output>
        </test-method> <!-- redirectToThankYouPageAndClickEnrollOnLine -->
        <test-method status="SKIP" signature="enterRemaningInformationOnPersonalInformatoinPage()[pri:0, instance:com.jav.Domestic.tests.SiteCoreULR_Feature_Test@17471e0]" name="enterRemaningInformationOnPersonalInformatoinPage" duration-ms="0" started-at="2013-03-11T14:32:19Z" depends-on-methods="com.jav.Domestic.tests.SiteCoreULR_Feature_Test.verifyElementDisplayOnPersonalInformationPage" finished-at="2013-03-11T14:32:19Z">
          <reporter-output>
          </reporter-output>
        </test-method> <!-- enterRemaningInformationOnPersonalInformatoinPage -->
        <test-method status="SKIP" signature="verifyredirectToPaymentInformationPage()[pri:0, instance:com.jav.Domestic.tests.SiteCoreULR_Feature_Test@17471e0]" name="verifyredirectToPaymentInformationPage" duration-ms="0" started-at="2013-03-11T14:32:19Z" depends-on-methods="com.jav.Domestic.tests.SiteCoreULR_Feature_Test.enterRemaningInformationOnPersonalInformatoinPage" finished-at="2013-03-11T14:32:19Z">
          <reporter-output>
          </reporter-output>
        </test-method> <!-- verifyredirectToPaymentInformationPage -->
        <test-method status="SKIP" signature="verifyElementsDisplayOnPaymentInformation()[pri:0, instance:com.jav.Domestic.tests.SiteCoreULR_Feature_Test@17471e0]" name="verifyElementsDisplayOnPaymentInformation" duration-ms="1" started-at="2013-03-11T14:32:19Z" depends-on-methods="com.jav.Domestic.tests.SiteCoreULR_Feature_Test.verifyredirectToPaymentInformationPage" finished-at="2013-03-11T14:32:19Z">
          <reporter-output>
          </reporter-output>
        </test-method> <!-- verifyElementsDisplayOnPaymentInformation -->
        <test-method status="SKIP" signature="selectModeOfPaymentandProvideInformation()[pri:0, instance:com.jav.Domestic.tests.SiteCoreULR_Feature_Test@17471e0]" name="selectModeOfPaymentandProvideInformation" duration-ms="0" started-at="2013-03-11T14:32:19Z" depends-on-methods="com.jav.Domestic.tests.SiteCoreULR_Feature_Test.verifyElementsDisplayOnPaymentInformation" finished-at="2013-03-11T14:32:19Z">
          <reporter-output>
          </reporter-output>
        </test-method> <!-- selectModeOfPaymentandProvideInformation -->
        <test-method status="SKIP" signature="verifyElementsDisplayAfterSelectModeOfPayment()[pri:0, instance:com.jav.Domestic.tests.SiteCoreULR_Feature_Test@17471e0]" name="verifyElementsDisplayAfterSelectModeOfPayment" duration-ms="0" started-at="2013-03-11T14:32:19Z" depends-on-methods="com.jav.Domestic.tests.SiteCoreULR_Feature_Test.selectModeOfPaymentandProvideInformation" finished-at="2013-03-11T14:32:19Z">
          <reporter-output>
          </reporter-output>
        </test-method> <!-- verifyElementsDisplayAfterSelectModeOfPayment -->
        <test-method status="SKIP" signature="enterCreditCardInformation()[pri:0, instance:com.jav.Domestic.tests.SiteCoreULR_Feature_Test@17471e0]" name="enterCreditCardInformation" duration-ms="0" started-at="2013-03-11T14:32:19Z" depends-on-methods="com.jav.Domestic.tests.SiteCoreULR_Feature_Test.verifyElementsDisplayAfterSelectModeOfPayment" finished-at="2013-03-11T14:32:19Z">
          <reporter-output>
          </reporter-output>
        </test-method> <!-- enterCreditCardInformation -->
        <test-method status="SKIP" signature="verifyElementsDisplayOnReviewAndSubmitPage()[pri:0, instance:com.jav.Domestic.tests.SiteCoreULR_Feature_Test@17471e0]" name="verifyElementsDisplayOnReviewAndSubmitPage" duration-ms="0" started-at="2013-03-11T14:32:19Z" depends-on-methods="com.jav.Domestic.tests.SiteCoreULR_Feature_Test.enterCreditCardInformation" finished-at="2013-03-11T14:32:19Z">
          <reporter-output>
          </reporter-output>
        </test-method> <!-- verifyElementsDisplayOnReviewAndSubmitPage -->
        <test-method status="SKIP" signature="verifyEditButtonOnReviewAndSubmit()[pri:0, instance:com.jav.Domestic.tests.SiteCoreULR_Feature_Test@17471e0]" name="verifyEditButtonOnReviewAndSubmit" duration-ms="0" started-at="2013-03-11T14:32:19Z" depends-on-methods="com.jav.Domestic.tests.SiteCoreULR_Feature_Test.verifyElementsDisplayOnReviewAndSubmitPage" finished-at="2013-03-11T14:32:19Z">
          <reporter-output>
          </reporter-output>
        </test-method> <!-- verifyEditButtonOnReviewAndSubmit -->
        <test-method status="SKIP" signature="verifyandClickOnTermAndComtitionsDisplayOnReviewandSubmitPage()[pri:0, instance:com.jav.Domestic.tests.SiteCoreULR_Feature_Test@17471e0]" name="verifyandClickOnTermAndComtitionsDisplayOnReviewandSubmitPage" duration-ms="0" started-at="2013-03-11T14:32:19Z" depends-on-methods="com.jav.Domestic.tests.SiteCoreULR_Feature_Test.verifyEditButtonOnReviewAndSubmit" finished-at="2013-03-11T14:32:19Z">
          <reporter-output>
          </reporter-output>
        </test-method> <!-- verifyandClickOnTermAndComtitionsDisplayOnReviewandSubmitPage -->
        <test-method status="SKIP" signature="verifyUserNavigatedtoEnrollNowSiteCoreHomepage()[pri:0, instance:com.jav.Domestic.tests.SiteCoreULR_Feature_Test@17471e0]" name="verifyUserNavigatedtoEnrollNowSiteCoreHomepage" duration-ms="0" started-at="2013-03-11T14:32:19Z" depends-on-methods="com.jav.Domestic.tests.SiteCoreULR_Feature_Test.verifyandClickOnTermAndComtitionsDisplayOnReviewandSubmitPage" finished-at="2013-03-11T14:32:19Z">
          <reporter-output>
          </reporter-output>
        </test-method> <!-- verifyUserNavigatedtoEnrollNowSiteCoreHomepage -->
        <test-method status="SKIP" signature="enterAllInformationOnPersonalInformatoinPage()[pri:0, instance:com.jav.Domestic.tests.SiteCoreULR_Feature_Test@17471e0]" name="enterAllInformationOnPersonalInformatoinPage" duration-ms="0" started-at="2013-03-11T14:32:19Z" depends-on-methods="com.jav.Domestic.tests.SiteCoreULR_Feature_Test.verifyUserNavigatedtoEnrollNowSiteCoreHomepage" finished-at="2013-03-11T14:32:19Z">
          <reporter-output>
          </reporter-output>
        </test-method> <!-- enterAllInformationOnPersonalInformatoinPage -->
        <test-method status="SKIP" signature="verifyRedirectToPaymentInformationPage()[pri:0, instance:com.jav.Domestic.tests.SiteCoreULR_Feature_Test@17471e0]" name="verifyRedirectToPaymentInformationPage" duration-ms="1" started-at="2013-03-11T14:32:19Z" depends-on-methods="com.jav.Domestic.tests.SiteCoreULR_Feature_Test.enterAllInformationOnPersonalInformatoinPage" finished-at="2013-03-11T14:32:19Z">
          <reporter-output>
          </reporter-output>
        </test-method> <!-- verifyRedirectToPaymentInformationPage -->
        <test-method status="SKIP" signature="selectModeOfPaymentandFillInformation()[pri:0, instance:com.jav.Domestic.tests.SiteCoreULR_Feature_Test@17471e0]" name="selectModeOfPaymentandFillInformation" duration-ms="1" started-at="2013-03-11T14:32:19Z" depends-on-methods="com.jav.Domestic.tests.SiteCoreULR_Feature_Test.verifyElementsDisplayOnPaymentInformationPage" finished-at="2013-03-11T14:32:19Z">
          <reporter-output>
          </reporter-output>
        </test-method> <!-- selectModeOfPaymentandFillInformation -->
        <test-method status="SKIP" signature="verifyElementsDisplayOnPaymentInformationPage()[pri:0, instance:com.jav.Domestic.tests.SiteCoreULR_Feature_Test@17471e0]" name="verifyElementsDisplayOnPaymentInformationPage" duration-ms="0" started-at="2013-03-11T14:32:19Z" depends-on-methods="com.jav.Domestic.tests.SiteCoreULR_Feature_Test.verifyRedirectToPaymentInformationPage" finished-at="2013-03-11T14:32:19Z">
          <reporter-output>
          </reporter-output>
        </test-method> <!-- verifyElementsDisplayOnPaymentInformationPage -->
        <test-method status="SKIP" signature="verifyElementsDisplayedAfterSelectModeOfPayment()[pri:0, instance:com.jav.Domestic.tests.SiteCoreULR_Feature_Test@17471e0]" name="verifyElementsDisplayedAfterSelectModeOfPayment" duration-ms="0" started-at="2013-03-11T14:32:19Z" depends-on-methods="com.jav.Domestic.tests.SiteCoreULR_Feature_Test.selectModeOfPaymentandFillInformation" finished-at="2013-03-11T14:32:19Z">
          <reporter-output>
          </reporter-output>
        </test-method> <!-- verifyElementsDisplayedAfterSelectModeOfPayment -->
        <test-method status="SKIP" signature="enterCreditCardInformationAfterCreditCardSelection()[pri:0, instance:com.jav.Domestic.tests.SiteCoreULR_Feature_Test@17471e0]" name="enterCreditCardInformationAfterCreditCardSelection" duration-ms="1" started-at="2013-03-11T14:32:19Z" depends-on-methods="com.jav.Domestic.tests.SiteCoreULR_Feature_Test.verifyElementsDisplayedAfterSelectModeOfPayment" finished-at="2013-03-11T14:32:19Z">
          <reporter-output>
          </reporter-output>
        </test-method> <!-- enterCreditCardInformationAfterCreditCardSelection -->
        <test-method status="SKIP" signature="verifyElementsDisplayedOnReviewAndSubmitPage()[pri:0, instance:com.jav.Domestic.tests.SiteCoreULR_Feature_Test@17471e0]" name="verifyElementsDisplayedOnReviewAndSubmitPage" duration-ms="0" started-at="2013-03-11T14:32:19Z" depends-on-methods="com.jav.Domestic.tests.SiteCoreULR_Feature_Test.enterCreditCardInformationAfterCreditCardSelection" finished-at="2013-03-11T14:32:19Z">
          <reporter-output>
          </reporter-output>
        </test-method> <!-- verifyElementsDisplayedOnReviewAndSubmitPage -->
        <test-method status="SKIP" signature="verifyandClickOnTermAndConditionsOnReviewandSubmitPage()[pri:0, instance:com.jav.Domestic.tests.SiteCoreULR_Feature_Test@17471e0]" name="verifyandClickOnTermAndConditionsOnReviewandSubmitPage" duration-ms="0" started-at="2013-03-11T14:32:19Z" depends-on-methods="com.jav.Domestic.tests.SiteCoreULR_Feature_Test.verifyElementsDisplayedOnReviewAndSubmitPage" finished-at="2013-03-11T14:32:19Z">
          <reporter-output>
          </reporter-output>
        </test-method> <!-- verifyandClickOnTermAndConditionsOnReviewandSubmitPage -->
        <test-method status="PASS" signature="tearDown()[pri:0, instance:com.jav.Domestic.tests.SiteCoreULR_Feature_Test@17471e0]" name="tearDown" is-config="true" duration-ms="3251" started-at="2013-03-11T14:32:19Z" finished-at="2013-03-11T14:32:22Z">
          <reporter-output>
            <line>
              <![CDATA[Mon, 11 Mar 2013 14:32:19 IST  ########## Stop Browser Session ###########
<br>]]>
            </line>
          </reporter-output>
        </test-method> <!-- tearDown -->
      </class> <!-- com.jav.Domestic.tests.SiteCoreULR_Feature_Test -->
    </test> <!-- Default test -->
  </suite> <!-- Default suite -->
</testng-results>
