<?xml version="1.0" encoding="UTF-8"?>
<!-- Generated by org.testng.reporters.JUnitReportReporter -->
<testsuite hostname="LNDA0183" name="com.jav.Domestic.tests.SiteCoreULR_Feature_Test" tests="25" failures="23" timestamp="11 Mar 2013 09:02:23 GMT" time="155.798" errors="0">
  <testcase name="verifyElementsDisplayOnReviewAndSubmitPage" time="0.000" classname="com.jav.Domestic.tests.SiteCoreULR_Feature_Test"/>
  <testcase name="selectModeOfPaymentandProvideInformation" time="0.000" classname="com.jav.Domestic.tests.SiteCoreULR_Feature_Test"/>
  <testcase name="verifyElementsDisplayedOnReviewAndSubmitPage" time="0.000" classname="com.jav.Domestic.tests.SiteCoreULR_Feature_Test"/>
  <testcase name="verifyredirectToPaymentInformationPage" time="0.000" classname="com.jav.Domestic.tests.SiteCoreULR_Feature_Test"/>
  <testcase name="enterCreditCardInformationAfterCreditCardSelection" time="0.001" classname="com.jav.Domestic.tests.SiteCoreULR_Feature_Test"/>
  <testcase name="verifyUserNavigatedtoEnrollNowSiteCoreHomepage" time="0.000" classname="com.jav.Domestic.tests.SiteCoreULR_Feature_Test"/>
  <testcase name="enterStudentInformationOnStep1Page" time="0.000" classname="com.jav.Domestic.tests.SiteCoreULR_Feature_Test"/>
  <testcase name="selectModeOfPaymentandFillInformation" time="0.001" classname="com.jav.Domestic.tests.SiteCoreULR_Feature_Test"/>
  <testcase name="verifyElementsDisplayOnPaymentInformation" time="0.001" classname="com.jav.Domestic.tests.SiteCoreULR_Feature_Test"/>
  <testcase name="verifyEditButtonOnReviewAndSubmit" time="0.000" classname="com.jav.Domestic.tests.SiteCoreULR_Feature_Test"/>
  <testcase name="enterAllInformationOnPersonalInformatoinPage" time="0.000" classname="com.jav.Domestic.tests.SiteCoreULR_Feature_Test"/>
  <testcase name="verifyElementsDisplayOnPaymentInformationPage" time="0.000" classname="com.jav.Domestic.tests.SiteCoreULR_Feature_Test"/>
  <testcase name="VerifySiteCoreHomePage" time="82.155" classname="com.jav.Domestic.tests.SiteCoreULR_Feature_Test">
    <failure type="org.openqa.selenium.TimeoutException" message="Timed out after 50 seconds waiting for visibility of element located by By.xpath: //div[@id=&#039;ctl00_ctl00_MasterContentPlaceHolder_NestedMasterContentPlaceHolder_Form_div_ProgramName1&#039;]
Build info: version: &#039;2.25.0&#039;, revision: &#039;17482&#039;, time: &#039;2012-07-18 22:18:01&#039;
System info: os.name: &#039;Windows Vista&#039;, os.arch: &#039;x86&#039;, os.version: &#039;6.1&#039;, java.version: &#039;1.6.0&#039;
Driver info: driver.version: unknown">
      <![CDATA[org.openqa.selenium.TimeoutException: Timed out after 50 seconds waiting for visibility of element located by By.xpath: //div[@id='ctl00_ctl00_MasterContentPlaceHolder_NestedMasterContentPlaceHolder_Form_div_ProgramName1']
Build info: version: '2.25.0', revision: '17482', time: '2012-07-18 22:18:01'
System info: os.name: 'Windows Vista', os.arch: 'x86', os.version: '6.1', java.version: '1.6.0'
Driver info: driver.version: unknown
	at org.openqa.selenium.support.ui.FluentWait.timeoutException(FluentWait.java:255)
	at org.openqa.selenium.support.ui.FluentWait.timeoutException(FluentWait.java:270)
	at org.openqa.selenium.support.ui.FluentWait.until(FluentWait.java:222)
	at com.jav.Domestic.pageobjects.SiteCoreULR_Feature_UI.verifyUserNavigatedtoSiteCoreHomepage(SiteCoreULR_Feature_UI.java:400)
	at com.jav.Domestic.fixture.SiteCoreULR_Feature_Fixture.verifyNavigatedtoSiteCoreHomepage(SiteCoreULR_Feature_Fixture.java:15)
	at com.jav.Domestic.tests.SiteCoreULR_Feature_Test.VerifySiteCoreHomePage(SiteCoreULR_Feature_Test.java:75)
	at sun.reflect.NativeMethodAccessorImpl.invoke0(Native Method)
	at sun.reflect.NativeMethodAccessorImpl.invoke(NativeMethodAccessorImpl.java:39)
	at sun.reflect.DelegatingMethodAccessorImpl.invoke(DelegatingMethodAccessorImpl.java:25)
	at java.lang.reflect.Method.invoke(Method.java:597)
	at org.testng.internal.MethodInvocationHelper.invokeMethod(MethodInvocationHelper.java:80)
	at org.testng.internal.Invoker.invokeMethod(Invoker.java:714)
	at org.testng.internal.Invoker.invokeTestMethod(Invoker.java:901)
	at org.testng.internal.Invoker.invokeTestMethods(Invoker.java:1231)
	at org.testng.internal.TestMethodWorker.invokeTestMethods(TestMethodWorker.java:127)
	at org.testng.internal.TestMethodWorker.run(TestMethodWorker.java:111)
	at org.testng.TestRunner.privateRun(TestRunner.java:767)
	at org.testng.TestRunner.run(TestRunner.java:617)
	at org.testng.SuiteRunner.runTest(SuiteRunner.java:334)
	at org.testng.SuiteRunner.runSequentially(SuiteRunner.java:329)
	at org.testng.SuiteRunner.privateRun(SuiteRunner.java:291)
	at org.testng.SuiteRunner.run(SuiteRunner.java:240)
	at org.testng.SuiteRunnerWorker.runSuite(SuiteRunnerWorker.java:52)
	at org.testng.SuiteRunnerWorker.run(SuiteRunnerWorker.java:86)
	at org.testng.TestNG.runSuitesSequentially(TestNG.java:1197)
	at org.testng.TestNG.runSuitesLocally(TestNG.java:1122)
	at org.testng.TestNG.run(TestNG.java:1030)
	at org.testng.remote.RemoteTestNG.run(RemoteTestNG.java:111)
	at org.testng.remote.RemoteTestNG.initAndRun(RemoteTestNG.java:204)
	at org.testng.remote.RemoteTestNG.main(RemoteTestNG.java:175)
Caused by: org.openqa.selenium.NoSuchElementException: The element could not be found (WARNING: The server did not provide any stacktrace information)
Command duration or timeout: 30.06 seconds
For documentation on this error, please visit: http://seleniumhq.org/exceptions/no_such_element.html
Build info: version: '2.25.0', revision: '17482', time: '2012-07-18 22:18:01'
System info: os.name: 'Windows Vista', os.arch: 'x86', os.version: '6.1', java.version: '1.6.0'
Driver info: driver.version: RemoteWebDriver
Session ID: b642d3cd1e9bd17b1294b55fb589edd1
	at sun.reflect.NativeConstructorAccessorImpl.newInstance0(Native Method)
	at sun.reflect.NativeConstructorAccessorImpl.newInstance(NativeConstructorAccessorImpl.java:39)
	at sun.reflect.DelegatingConstructorAccessorImpl.newInstance(DelegatingConstructorAccessorImpl.java:27)
	at java.lang.reflect.Constructor.newInstance(Constructor.java:513)
	at org.openqa.selenium.remote.ErrorHandler.createThrowable(ErrorHandler.java:188)
	at org.openqa.selenium.remote.ErrorHandler.throwIfResponseFailed(ErrorHandler.java:145)
	at org.openqa.selenium.remote.RemoteWebDriver.execute(RemoteWebDriver.java:498)
	at org.openqa.selenium.remote.RemoteWebDriver.findElement(RemoteWebDriver.java:268)
	at org.openqa.selenium.remote.RemoteWebDriver.findElementByXPath(RemoteWebDriver.java:353)
	at org.openqa.selenium.By$ByXPath.findElement(By.java:343)
	at org.openqa.selenium.remote.RemoteWebDriver.findElement(RemoteWebDriver.java:260)
	at org.openqa.selenium.support.ui.ExpectedConditions.findElement(ExpectedConditions.java:426)
	at org.openqa.selenium.support.ui.ExpectedConditions.access$000(ExpectedConditions.java:39)
	at org.openqa.selenium.support.ui.ExpectedConditions$4.apply(ExpectedConditions.java:126)
	at org.openqa.selenium.support.ui.ExpectedConditions$4.apply(ExpectedConditions.java:123)
	at org.openqa.selenium.support.ui.FluentWait.until(FluentWait.java:201)
	... 27 more
]]>
    </failure>
  </testcase> <!-- VerifySiteCoreHomePage -->
  <testcase name="enterRemaningInformationOnPersonalInformatoinPage" time="0.000" classname="com.jav.Domestic.tests.SiteCoreULR_Feature_Test"/>
  <testcase name="verifyElementsDisplayedAfterSelectModeOfPayment" time="0.000" classname="com.jav.Domestic.tests.SiteCoreULR_Feature_Test"/>
  <testcase name="verifyRedirectToPaymentInformationPage" time="0.001" classname="com.jav.Domestic.tests.SiteCoreULR_Feature_Test"/>
  <testcase name="verifyElementsDisplayOnStep1EnrollmentProcess" time="0.000" classname="com.jav.Domestic.tests.SiteCoreULR_Feature_Test"/>
  <testcase name="verifyElementDisplayOnPersonalInformationPage" time="0.000" classname="com.jav.Domestic.tests.SiteCoreULR_Feature_Test"/>
  <testcase name="launchSelectedSiteCoreURL" time="60.459" classname="com.jav.Domestic.tests.SiteCoreULR_Feature_Test"/>
  <testcase name="verifyElementsDisplayAfterSelectModeOfPayment" time="0.000" classname="com.jav.Domestic.tests.SiteCoreULR_Feature_Test"/>
  <testcase name="setup" time="13.180" classname="com.jav.Domestic.tests.SiteCoreULR_Feature_Test"/>
  <testcase name="verifyandClickOnTermAndConditionsOnReviewandSubmitPage" time="0.000" classname="com.jav.Domestic.tests.SiteCoreULR_Feature_Test"/>
  <testcase name="redirectToThankYouPageAndClickEnrollOnLine" time="0.000" classname="com.jav.Domestic.tests.SiteCoreULR_Feature_Test"/>
  <testcase name="verifyandClickOnTermAndComtitionsDisplayOnReviewandSubmitPage" time="0.000" classname="com.jav.Domestic.tests.SiteCoreULR_Feature_Test"/>
  <testcase name="enterCreditCardInformation" time="0.000" classname="com.jav.Domestic.tests.SiteCoreULR_Feature_Test"/>
</testsuite> <!-- com.jav.Domestic.tests.SiteCoreULR_Feature_Test -->
