<?xml version="1.0" encoding="UTF-8"?>
<!-- Generated by org.testng.reporters.JUnitXMLReporter -->
<testsuite hostname="LNDA0183" name="Command line test" tests="107" failures="7" timestamp="7 Mar 2013 06:41:53 GMT" time="75.054" errors="0">
  <testcase name="@AfterClass tearDown" time="0.0" classname="com.jav.Domestic.tests.EOLDomesticEnrollNow_Test">
    <failure type="org.openqa.selenium.remote.UnreachableBrowserException" message="Error communicating with the remote browser. It may have died.
Build info: version: &amp;apos;2.25.0&amp;apos;, revision: &amp;apos;17482&amp;apos;, time: &amp;apos;2012-07-18 22:18:01&amp;apos;
System info: os.name: &amp;apos;Windows Vista&amp;apos;, os.arch: &amp;apos;x86&amp;apos;, os.version: &amp;apos;6.1&amp;apos;, java.version: &amp;apos;1.6.0&amp;apos;
Driver info: driver.version: RemoteWebDriver">
      <![CDATA[org.openqa.selenium.remote.UnreachableBrowserException: Error communicating with the remote browser. It may have died.
Build info: version: '2.25.0', revision: '17482', time: '2012-07-18 22:18:01'
System info: os.name: 'Windows Vista', os.arch: 'x86', os.version: '6.1', java.version: '1.6.0'
Driver info: driver.version: RemoteWebDriver
	at org.openqa.selenium.remote.RemoteWebDriver.execute(RemoteWebDriver.java:493)
	at org.openqa.selenium.remote.RemoteWebDriver.execute(RemoteWebDriver.java:502)
	at org.openqa.selenium.remote.RemoteWebDriver.quit(RemoteWebDriver.java:372)
	at com.jav.Domestic.fixture.BaseFixture.stopBrowserSession(BaseFixture.java:90)
	at com.jav.Domestic.tests.EOLDomesticEnrollNow_Test.tearDown(EOLDomesticEnrollNow_Test.java:185)
	at org.apache.maven.surefire.testng.TestNGExecutor.run(TestNGExecutor.java:70)
	at org.apache.maven.surefire.testng.TestNGDirectoryTestSuite.executeMulti(TestNGDirectoryTestSuite.java:158)
	at org.apache.maven.surefire.testng.TestNGDirectoryTestSuite.execute(TestNGDirectoryTestSuite.java:98)
	at org.apache.maven.surefire.testng.TestNGProvider.invoke(TestNGProvider.java:111)
	at org.apache.maven.surefire.util.ReflectionUtils.invokeMethodWithArray(ReflectionUtils.java:164)
	at org.apache.maven.surefire.booter.ProviderFactory$ProviderProxy.invoke(ProviderFactory.java:110)
	at org.apache.maven.surefire.booter.SurefireStarter.invokeProvider(SurefireStarter.java:175)
	at org.apache.maven.surefire.booter.SurefireStarter.runSuitesInProcessWhenForked(SurefireStarter.java:107)
	at org.apache.maven.surefire.booter.ForkedBooter.main(ForkedBooter.java:68)
Caused by: org.openqa.selenium.WebDriverException: org.apache.http.conn.HttpHostConnectException: Connection to http://localhost:43123 refused
Build info: version: '2.25.0', revision: '17482', time: '2012-07-18 22:18:01'
System info: os.name: 'Windows Vista', os.arch: 'x86', os.version: '6.1', java.version: '1.6.0'
Driver info: driver.version: RemoteWebDriver
	at org.openqa.selenium.remote.service.DriverCommandExecutor.execute(DriverCommandExecutor.java:75)
	at org.openqa.selenium.remote.RemoteWebDriver.execute(RemoteWebDriver.java:472)
	... 38 more
Caused by: org.apache.http.conn.HttpHostConnectException: Connection to http://localhost:43123 refused
	at org.apache.http.impl.conn.DefaultClientConnectionOperator.openConnection(DefaultClientConnectionOperator.java:158)
	at org.apache.http.impl.conn.AbstractPoolEntry.open(AbstractPoolEntry.java:149)
	at org.apache.http.impl.conn.AbstractPooledConnAdapter.open(AbstractPooledConnAdapter.java:121)
	at org.apache.http.impl.client.DefaultRequestDirector.tryConnect(DefaultRequestDirector.java:573)
	at org.apache.http.impl.client.DefaultRequestDirector.execute(DefaultRequestDirector.java:425)
	at org.apache.http.impl.client.AbstractHttpClient.execute(AbstractHttpClient.java:820)
	at org.openqa.selenium.remote.HttpCommandExecutor.fallBackExecute(HttpCommandExecutor.java:319)
	at org.openqa.selenium.remote.HttpCommandExecutor.execute(HttpCommandExecutor.java:297)
	at org.openqa.selenium.remote.service.DriverCommandExecutor.execute(DriverCommandExecutor.java:66)
	... 39 more
Caused by: java.net.ConnectException: Connection refused: connect
	at java.net.PlainSocketImpl.socketConnect(Native Method)
	at java.net.PlainSocketImpl.doConnect(PlainSocketImpl.java:333)
	at java.net.PlainSocketImpl.connectToAddress(PlainSocketImpl.java:195)
	at java.net.PlainSocketImpl.connect(PlainSocketImpl.java:182)
	at java.net.SocksSocketImpl.connect(SocksSocketImpl.java:366)
	at java.net.Socket.connect(Socket.java:519)
	at org.apache.http.conn.scheme.PlainSocketFactory.connectSocket(PlainSocketFactory.java:123)
	at org.apache.http.impl.conn.DefaultClientConnectionOperator.openConnection(DefaultClientConnectionOperator.java:148)
	... 47 more
... Removed 25 stack frames]]>
    </failure>
  </testcase> <!-- @AfterClass tearDown -->
  <testcase name="@AfterClass tearDown" time="0.0" classname="com.jav.Canada.tests.EOLCanadaReceiveInfo_Test">
    <failure type="org.openqa.selenium.remote.UnreachableBrowserException" message="Error communicating with the remote browser. It may have died.
Build info: version: &amp;apos;2.25.0&amp;apos;, revision: &amp;apos;17482&amp;apos;, time: &amp;apos;2012-07-18 22:18:01&amp;apos;
System info: os.name: &amp;apos;Windows Vista&amp;apos;, os.arch: &amp;apos;x86&amp;apos;, os.version: &amp;apos;6.1&amp;apos;, java.version: &amp;apos;1.6.0&amp;apos;
Driver info: driver.version: RemoteWebDriver">
      <![CDATA[org.openqa.selenium.remote.UnreachableBrowserException: Error communicating with the remote browser. It may have died.
Build info: version: '2.25.0', revision: '17482', time: '2012-07-18 22:18:01'
System info: os.name: 'Windows Vista', os.arch: 'x86', os.version: '6.1', java.version: '1.6.0'
Driver info: driver.version: RemoteWebDriver
	at org.openqa.selenium.remote.RemoteWebDriver.execute(RemoteWebDriver.java:493)
	at org.openqa.selenium.remote.RemoteWebDriver.execute(RemoteWebDriver.java:502)
	at org.openqa.selenium.remote.RemoteWebDriver.quit(RemoteWebDriver.java:372)
	at com.jav.Canada.fixture.BaseFixture.stopBrowserSession(BaseFixture.java:77)
	at com.jav.Canada.tests.EOLCanadaReceiveInfo_Test.tearDown(EOLCanadaReceiveInfo_Test.java:259)
	at org.apache.maven.surefire.testng.TestNGExecutor.run(TestNGExecutor.java:70)
	at org.apache.maven.surefire.testng.TestNGDirectoryTestSuite.executeMulti(TestNGDirectoryTestSuite.java:158)
	at org.apache.maven.surefire.testng.TestNGDirectoryTestSuite.execute(TestNGDirectoryTestSuite.java:98)
	at org.apache.maven.surefire.testng.TestNGProvider.invoke(TestNGProvider.java:111)
	at org.apache.maven.surefire.util.ReflectionUtils.invokeMethodWithArray(ReflectionUtils.java:164)
	at org.apache.maven.surefire.booter.ProviderFactory$ProviderProxy.invoke(ProviderFactory.java:110)
	at org.apache.maven.surefire.booter.SurefireStarter.invokeProvider(SurefireStarter.java:175)
	at org.apache.maven.surefire.booter.SurefireStarter.runSuitesInProcessWhenForked(SurefireStarter.java:107)
	at org.apache.maven.surefire.booter.ForkedBooter.main(ForkedBooter.java:68)
Caused by: org.openqa.selenium.WebDriverException: org.apache.http.conn.HttpHostConnectException: Connection to http://localhost:8157 refused
Build info: version: '2.25.0', revision: '17482', time: '2012-07-18 22:18:01'
System info: os.name: 'Windows Vista', os.arch: 'x86', os.version: '6.1', java.version: '1.6.0'
Driver info: driver.version: RemoteWebDriver
	at org.openqa.selenium.remote.service.DriverCommandExecutor.execute(DriverCommandExecutor.java:75)
	at org.openqa.selenium.remote.RemoteWebDriver.execute(RemoteWebDriver.java:472)
	... 38 more
Caused by: org.apache.http.conn.HttpHostConnectException: Connection to http://localhost:8157 refused
	at org.apache.http.impl.conn.DefaultClientConnectionOperator.openConnection(DefaultClientConnectionOperator.java:158)
	at org.apache.http.impl.conn.AbstractPoolEntry.open(AbstractPoolEntry.java:149)
	at org.apache.http.impl.conn.AbstractPooledConnAdapter.open(AbstractPooledConnAdapter.java:121)
	at org.apache.http.impl.client.DefaultRequestDirector.tryConnect(DefaultRequestDirector.java:573)
	at org.apache.http.impl.client.DefaultRequestDirector.execute(DefaultRequestDirector.java:425)
	at org.apache.http.impl.client.AbstractHttpClient.execute(AbstractHttpClient.java:820)
	at org.openqa.selenium.remote.HttpCommandExecutor.fallBackExecute(HttpCommandExecutor.java:319)
	at org.openqa.selenium.remote.HttpCommandExecutor.execute(HttpCommandExecutor.java:297)
	at org.openqa.selenium.remote.service.DriverCommandExecutor.execute(DriverCommandExecutor.java:66)
	... 39 more
Caused by: java.net.ConnectException: Connection refused: connect
	at java.net.PlainSocketImpl.socketConnect(Native Method)
	at java.net.PlainSocketImpl.doConnect(PlainSocketImpl.java:333)
	at java.net.PlainSocketImpl.connectToAddress(PlainSocketImpl.java:195)
	at java.net.PlainSocketImpl.connect(PlainSocketImpl.java:182)
	at java.net.SocksSocketImpl.connect(SocksSocketImpl.java:366)
	at java.net.Socket.connect(Socket.java:519)
	at org.apache.http.conn.scheme.PlainSocketFactory.connectSocket(PlainSocketFactory.java:123)
	at org.apache.http.impl.conn.DefaultClientConnectionOperator.openConnection(DefaultClientConnectionOperator.java:148)
	... 47 more
... Removed 25 stack frames]]>
    </failure>
  </testcase> <!-- @AfterClass tearDown -->
  <testcase name="@AfterClass tearDown" time="0.0" classname="com.jav.Domestic.tests.EOLDomesticReceiveInfo_Test">
    <failure type="org.openqa.selenium.remote.UnreachableBrowserException" message="Error communicating with the remote browser. It may have died.
Build info: version: &amp;apos;2.25.0&amp;apos;, revision: &amp;apos;17482&amp;apos;, time: &amp;apos;2012-07-18 22:18:01&amp;apos;
System info: os.name: &amp;apos;Windows Vista&amp;apos;, os.arch: &amp;apos;x86&amp;apos;, os.version: &amp;apos;6.1&amp;apos;, java.version: &amp;apos;1.6.0&amp;apos;
Driver info: driver.version: RemoteWebDriver">
      <![CDATA[org.openqa.selenium.remote.UnreachableBrowserException: Error communicating with the remote browser. It may have died.
Build info: version: '2.25.0', revision: '17482', time: '2012-07-18 22:18:01'
System info: os.name: 'Windows Vista', os.arch: 'x86', os.version: '6.1', java.version: '1.6.0'
Driver info: driver.version: RemoteWebDriver
	at org.openqa.selenium.remote.RemoteWebDriver.execute(RemoteWebDriver.java:493)
	at org.openqa.selenium.remote.RemoteWebDriver.execute(RemoteWebDriver.java:502)
	at org.openqa.selenium.remote.RemoteWebDriver.quit(RemoteWebDriver.java:372)
	at com.jav.Domestic.fixture.BaseFixture.stopBrowserSession(BaseFixture.java:90)
	at com.jav.Domestic.tests.EOLDomesticReceiveInfo_Test.tearDown(EOLDomesticReceiveInfo_Test.java:270)
	at org.apache.maven.surefire.testng.TestNGExecutor.run(TestNGExecutor.java:70)
	at org.apache.maven.surefire.testng.TestNGDirectoryTestSuite.executeMulti(TestNGDirectoryTestSuite.java:158)
	at org.apache.maven.surefire.testng.TestNGDirectoryTestSuite.execute(TestNGDirectoryTestSuite.java:98)
	at org.apache.maven.surefire.testng.TestNGProvider.invoke(TestNGProvider.java:111)
	at org.apache.maven.surefire.util.ReflectionUtils.invokeMethodWithArray(ReflectionUtils.java:164)
	at org.apache.maven.surefire.booter.ProviderFactory$ProviderProxy.invoke(ProviderFactory.java:110)
	at org.apache.maven.surefire.booter.SurefireStarter.invokeProvider(SurefireStarter.java:175)
	at org.apache.maven.surefire.booter.SurefireStarter.runSuitesInProcessWhenForked(SurefireStarter.java:107)
	at org.apache.maven.surefire.booter.ForkedBooter.main(ForkedBooter.java:68)
Caused by: org.openqa.selenium.WebDriverException: org.apache.http.conn.HttpHostConnectException: Connection to http://localhost:10504 refused
Build info: version: '2.25.0', revision: '17482', time: '2012-07-18 22:18:01'
System info: os.name: 'Windows Vista', os.arch: 'x86', os.version: '6.1', java.version: '1.6.0'
Driver info: driver.version: RemoteWebDriver
	at org.openqa.selenium.remote.service.DriverCommandExecutor.execute(DriverCommandExecutor.java:75)
	at org.openqa.selenium.remote.RemoteWebDriver.execute(RemoteWebDriver.java:472)
	... 38 more
Caused by: org.apache.http.conn.HttpHostConnectException: Connection to http://localhost:10504 refused
	at org.apache.http.impl.conn.DefaultClientConnectionOperator.openConnection(DefaultClientConnectionOperator.java:158)
	at org.apache.http.impl.conn.AbstractPoolEntry.open(AbstractPoolEntry.java:149)
	at org.apache.http.impl.conn.AbstractPooledConnAdapter.open(AbstractPooledConnAdapter.java:121)
	at org.apache.http.impl.client.DefaultRequestDirector.tryConnect(DefaultRequestDirector.java:573)
	at org.apache.http.impl.client.DefaultRequestDirector.execute(DefaultRequestDirector.java:425)
	at org.apache.http.impl.client.AbstractHttpClient.execute(AbstractHttpClient.java:820)
	at org.openqa.selenium.remote.HttpCommandExecutor.fallBackExecute(HttpCommandExecutor.java:319)
	at org.openqa.selenium.remote.HttpCommandExecutor.execute(HttpCommandExecutor.java:297)
	at org.openqa.selenium.remote.service.DriverCommandExecutor.execute(DriverCommandExecutor.java:66)
	... 39 more
Caused by: java.net.ConnectException: Connection refused: connect
	at java.net.PlainSocketImpl.socketConnect(Native Method)
	at java.net.PlainSocketImpl.doConnect(PlainSocketImpl.java:333)
	at java.net.PlainSocketImpl.connectToAddress(PlainSocketImpl.java:195)
	at java.net.PlainSocketImpl.connect(PlainSocketImpl.java:182)
	at java.net.SocksSocketImpl.connect(SocksSocketImpl.java:366)
	at java.net.Socket.connect(Socket.java:519)
	at org.apache.http.conn.scheme.PlainSocketFactory.connectSocket(PlainSocketFactory.java:123)
	at org.apache.http.impl.conn.DefaultClientConnectionOperator.openConnection(DefaultClientConnectionOperator.java:148)
	... 47 more
... Removed 25 stack frames]]>
    </failure>
  </testcase> <!-- @AfterClass tearDown -->
  <testcase name="@AfterClass tearDown" time="0.0" classname="com.jav.Domestic.tests.EOLDomesticReceiveInfo_nocourse_Test">
    <failure type="org.openqa.selenium.remote.UnreachableBrowserException" message="Error communicating with the remote browser. It may have died.
Build info: version: &amp;apos;2.25.0&amp;apos;, revision: &amp;apos;17482&amp;apos;, time: &amp;apos;2012-07-18 22:18:01&amp;apos;
System info: os.name: &amp;apos;Windows Vista&amp;apos;, os.arch: &amp;apos;x86&amp;apos;, os.version: &amp;apos;6.1&amp;apos;, java.version: &amp;apos;1.6.0&amp;apos;
Driver info: driver.version: RemoteWebDriver">
      <![CDATA[org.openqa.selenium.remote.UnreachableBrowserException: Error communicating with the remote browser. It may have died.
Build info: version: '2.25.0', revision: '17482', time: '2012-07-18 22:18:01'
System info: os.name: 'Windows Vista', os.arch: 'x86', os.version: '6.1', java.version: '1.6.0'
Driver info: driver.version: RemoteWebDriver
	at org.openqa.selenium.remote.RemoteWebDriver.execute(RemoteWebDriver.java:493)
	at org.openqa.selenium.remote.RemoteWebDriver.execute(RemoteWebDriver.java:502)
	at org.openqa.selenium.remote.RemoteWebDriver.quit(RemoteWebDriver.java:372)
	at com.jav.Domestic.fixture.BaseFixture.stopBrowserSession(BaseFixture.java:90)
	at com.jav.Domestic.tests.EOLDomesticReceiveInfo_nocourse_Test.tearDown(EOLDomesticReceiveInfo_nocourse_Test.java:336)
	at org.apache.maven.surefire.testng.TestNGExecutor.run(TestNGExecutor.java:70)
	at org.apache.maven.surefire.testng.TestNGDirectoryTestSuite.executeMulti(TestNGDirectoryTestSuite.java:158)
	at org.apache.maven.surefire.testng.TestNGDirectoryTestSuite.execute(TestNGDirectoryTestSuite.java:98)
	at org.apache.maven.surefire.testng.TestNGProvider.invoke(TestNGProvider.java:111)
	at org.apache.maven.surefire.util.ReflectionUtils.invokeMethodWithArray(ReflectionUtils.java:164)
	at org.apache.maven.surefire.booter.ProviderFactory$ProviderProxy.invoke(ProviderFactory.java:110)
	at org.apache.maven.surefire.booter.SurefireStarter.invokeProvider(SurefireStarter.java:175)
	at org.apache.maven.surefire.booter.SurefireStarter.runSuitesInProcessWhenForked(SurefireStarter.java:107)
	at org.apache.maven.surefire.booter.ForkedBooter.main(ForkedBooter.java:68)
Caused by: org.openqa.selenium.WebDriverException: org.apache.http.conn.HttpHostConnectException: Connection to http://localhost:13551 refused
Build info: version: '2.25.0', revision: '17482', time: '2012-07-18 22:18:01'
System info: os.name: 'Windows Vista', os.arch: 'x86', os.version: '6.1', java.version: '1.6.0'
Driver info: driver.version: RemoteWebDriver
	at org.openqa.selenium.remote.service.DriverCommandExecutor.execute(DriverCommandExecutor.java:75)
	at org.openqa.selenium.remote.RemoteWebDriver.execute(RemoteWebDriver.java:472)
	... 38 more
Caused by: org.apache.http.conn.HttpHostConnectException: Connection to http://localhost:13551 refused
	at org.apache.http.impl.conn.DefaultClientConnectionOperator.openConnection(DefaultClientConnectionOperator.java:158)
	at org.apache.http.impl.conn.AbstractPoolEntry.open(AbstractPoolEntry.java:149)
	at org.apache.http.impl.conn.AbstractPooledConnAdapter.open(AbstractPooledConnAdapter.java:121)
	at org.apache.http.impl.client.DefaultRequestDirector.tryConnect(DefaultRequestDirector.java:573)
	at org.apache.http.impl.client.DefaultRequestDirector.execute(DefaultRequestDirector.java:425)
	at org.apache.http.impl.client.AbstractHttpClient.execute(AbstractHttpClient.java:820)
	at org.openqa.selenium.remote.HttpCommandExecutor.fallBackExecute(HttpCommandExecutor.java:319)
	at org.openqa.selenium.remote.HttpCommandExecutor.execute(HttpCommandExecutor.java:297)
	at org.openqa.selenium.remote.service.DriverCommandExecutor.execute(DriverCommandExecutor.java:66)
	... 39 more
Caused by: java.net.ConnectException: Connection refused: connect
	at java.net.PlainSocketImpl.socketConnect(Native Method)
	at java.net.PlainSocketImpl.doConnect(PlainSocketImpl.java:333)
	at java.net.PlainSocketImpl.connectToAddress(PlainSocketImpl.java:195)
	at java.net.PlainSocketImpl.connect(PlainSocketImpl.java:182)
	at java.net.SocksSocketImpl.connect(SocksSocketImpl.java:366)
	at java.net.Socket.connect(Socket.java:519)
	at org.apache.http.conn.scheme.PlainSocketFactory.connectSocket(PlainSocketFactory.java:123)
	at org.apache.http.impl.conn.DefaultClientConnectionOperator.openConnection(DefaultClientConnectionOperator.java:148)
	... 47 more
... Removed 25 stack frames]]>
    </failure>
  </testcase> <!-- @AfterClass tearDown -->
  <testcase name="setup" time="14.032" classname="com.jav.Canada.tests.EOLCanadaReceiveInfo_Test"/>
  <testcase name="setup" time="4.363" classname="com.jav.Canada.tests.EOLCanadaReceiveInfo_nocourse_Test"/>
  <testcase name="setup" time="3.938" classname="com.jav.Domestic.tests.EOLDomesticEnrollNow_Test"/>
  <testcase name="setup" time="5.701" classname="com.jav.Domestic.tests.EOLDomesticEnrollNow_nocourse_Test"/>
  <testcase name="setup" time="3.909" classname="com.jav.Domestic.tests.EOLDomesticReceiveInfo_Test"/>
  <testcase name="setup" time="10.438" classname="com.jav.Domestic.tests.EOLDomesticReceiveInfo_nocourse_Test"/>
  <testcase name="setup" time="9.44" classname="com.jav.Domestic.tests.SiteCoreULR_Feature_Test"/>
  <testcase name="launchHomePage" time="5.082" classname="com.jav.Canada.tests.EOLCanadaReceiveInfo_Test">
    <failure type="org.openqa.selenium.remote.UnreachableBrowserException" message="Error communicating with the remote browser. It may have died.
Build info: version: &amp;apos;2.25.0&amp;apos;, revision: &amp;apos;17482&amp;apos;, time: &amp;apos;2012-07-18 22:18:01&amp;apos;
System info: os.name: &amp;apos;Windows Vista&amp;apos;, os.arch: &amp;apos;x86&amp;apos;, os.version: &amp;apos;6.1&amp;apos;, java.version: &amp;apos;1.6.0&amp;apos;
Driver info: driver.version: RemoteWebDriver">
      <![CDATA[org.openqa.selenium.remote.UnreachableBrowserException: Error communicating with the remote browser. It may have died.
Build info: version: '2.25.0', revision: '17482', time: '2012-07-18 22:18:01'
System info: os.name: 'Windows Vista', os.arch: 'x86', os.version: '6.1', java.version: '1.6.0'
Driver info: driver.version: RemoteWebDriver
	at org.openqa.selenium.remote.RemoteWebDriver.execute(RemoteWebDriver.java:493)
	at org.openqa.selenium.remote.RemoteWebDriver.get(RemoteWebDriver.java:242)
	at com.jav.Canada.fixture.BaseFixture.launchUrl(BaseFixture.java:72)
	at com.jav.Canada.tests.EOLCanadaReceiveInfo_Test.launchHomePage(EOLCanadaReceiveInfo_Test.java:69)
	at org.apache.maven.surefire.testng.TestNGExecutor.run(TestNGExecutor.java:70)
	at org.apache.maven.surefire.testng.TestNGDirectoryTestSuite.executeMulti(TestNGDirectoryTestSuite.java:158)
	at org.apache.maven.surefire.testng.TestNGDirectoryTestSuite.execute(TestNGDirectoryTestSuite.java:98)
	at org.apache.maven.surefire.testng.TestNGProvider.invoke(TestNGProvider.java:111)
	at org.apache.maven.surefire.util.ReflectionUtils.invokeMethodWithArray(ReflectionUtils.java:164)
	at org.apache.maven.surefire.booter.ProviderFactory$ProviderProxy.invoke(ProviderFactory.java:110)
	at org.apache.maven.surefire.booter.SurefireStarter.invokeProvider(SurefireStarter.java:175)
	at org.apache.maven.surefire.booter.SurefireStarter.runSuitesInProcessWhenForked(SurefireStarter.java:107)
	at org.apache.maven.surefire.booter.ForkedBooter.main(ForkedBooter.java:68)
Caused by: org.openqa.selenium.WebDriverException: java.net.SocketException: Connection reset
Build info: version: '2.25.0', revision: '17482', time: '2012-07-18 22:18:01'
System info: os.name: 'Windows Vista', os.arch: 'x86', os.version: '6.1', java.version: '1.6.0'
Driver info: driver.version: RemoteWebDriver
	at org.openqa.selenium.remote.service.DriverCommandExecutor.execute(DriverCommandExecutor.java:75)
	at org.openqa.selenium.remote.RemoteWebDriver.execute(RemoteWebDriver.java:472)
	... 37 more
Caused by: java.net.SocketException: Connection reset
	at java.net.SocketInputStream.read(SocketInputStream.java:168)
	at org.apache.http.impl.io.AbstractSessionInputBuffer.fillBuffer(AbstractSessionInputBuffer.java:149)
	at org.apache.http.impl.io.SocketInputBuffer.fillBuffer(SocketInputBuffer.java:110)
	at org.apache.http.impl.io.AbstractSessionInputBuffer.readLine(AbstractSessionInputBuffer.java:264)
	at org.apache.http.impl.conn.DefaultResponseParser.parseHead(DefaultResponseParser.java:98)
	at org.apache.http.impl.io.AbstractMessageParser.parse(AbstractMessageParser.java:252)
	at org.apache.http.impl.AbstractHttpClientConnection.receiveResponseHeader(AbstractHttpClientConnection.java:281)
	at org.apache.http.impl.conn.DefaultClientConnection.receiveResponseHeader(DefaultClientConnection.java:247)
	at org.apache.http.impl.conn.AbstractClientConnAdapter.receiveResponseHeader(AbstractClientConnAdapter.java:219)
	at org.apache.http.protocol.HttpRequestExecutor.doReceiveResponse(HttpRequestExecutor.java:298)
	at org.apache.http.protocol.HttpRequestExecutor.execute(HttpRequestExecutor.java:125)
	at org.apache.http.impl.client.DefaultRequestDirector.tryExecute(DefaultRequestDirector.java:645)
	at org.apache.http.impl.client.DefaultRequestDirector.execute(DefaultRequestDirector.java:464)
	at org.apache.http.impl.client.AbstractHttpClient.execute(AbstractHttpClient.java:820)
	at org.openqa.selenium.remote.HttpCommandExecutor.fallBackExecute(HttpCommandExecutor.java:319)
	at org.openqa.selenium.remote.HttpCommandExecutor.execute(HttpCommandExecutor.java:297)
	at org.openqa.selenium.remote.service.DriverCommandExecutor.execute(DriverCommandExecutor.java:66)
	... 38 more
... Removed 25 stack frames]]>
    </failure>
  </testcase> <!-- launchHomePage -->
  <testcase name="launchHomePage" time="2.153" classname="com.jav.Canada.tests.EOLCanadaReceiveInfo_nocourse_Test">
    <failure type="org.openqa.selenium.remote.UnreachableBrowserException" message="Error communicating with the remote browser. It may have died.
Build info: version: &amp;apos;2.25.0&amp;apos;, revision: &amp;apos;17482&amp;apos;, time: &amp;apos;2012-07-18 22:18:01&amp;apos;
System info: os.name: &amp;apos;Windows Vista&amp;apos;, os.arch: &amp;apos;x86&amp;apos;, os.version: &amp;apos;6.1&amp;apos;, java.version: &amp;apos;1.6.0&amp;apos;
Driver info: driver.version: RemoteWebDriver">
      <![CDATA[org.openqa.selenium.remote.UnreachableBrowserException: Error communicating with the remote browser. It may have died.
Build info: version: '2.25.0', revision: '17482', time: '2012-07-18 22:18:01'
System info: os.name: 'Windows Vista', os.arch: 'x86', os.version: '6.1', java.version: '1.6.0'
Driver info: driver.version: RemoteWebDriver
	at org.openqa.selenium.remote.RemoteWebDriver.execute(RemoteWebDriver.java:493)
	at org.openqa.selenium.remote.RemoteWebDriver.get(RemoteWebDriver.java:242)
	at com.jav.Canada.fixture.BaseFixture.launchUrl(BaseFixture.java:72)
	at com.jav.Canada.tests.EOLCanadaReceiveInfo_nocourse_Test.launchHomePage(EOLCanadaReceiveInfo_nocourse_Test.java:67)
	at org.apache.maven.surefire.testng.TestNGExecutor.run(TestNGExecutor.java:70)
	at org.apache.maven.surefire.testng.TestNGDirectoryTestSuite.executeMulti(TestNGDirectoryTestSuite.java:158)
	at org.apache.maven.surefire.testng.TestNGDirectoryTestSuite.execute(TestNGDirectoryTestSuite.java:98)
	at org.apache.maven.surefire.testng.TestNGProvider.invoke(TestNGProvider.java:111)
	at org.apache.maven.surefire.util.ReflectionUtils.invokeMethodWithArray(ReflectionUtils.java:164)
	at org.apache.maven.surefire.booter.ProviderFactory$ProviderProxy.invoke(ProviderFactory.java:110)
	at org.apache.maven.surefire.booter.SurefireStarter.invokeProvider(SurefireStarter.java:175)
	at org.apache.maven.surefire.booter.SurefireStarter.runSuitesInProcessWhenForked(SurefireStarter.java:107)
	at org.apache.maven.surefire.booter.ForkedBooter.main(ForkedBooter.java:68)
Caused by: org.openqa.selenium.WebDriverException: java.net.SocketException: Connection reset
Build info: version: '2.25.0', revision: '17482', time: '2012-07-18 22:18:01'
System info: os.name: 'Windows Vista', os.arch: 'x86', os.version: '6.1', java.version: '1.6.0'
Driver info: driver.version: RemoteWebDriver
	at org.openqa.selenium.remote.service.DriverCommandExecutor.execute(DriverCommandExecutor.java:75)
	at org.openqa.selenium.remote.RemoteWebDriver.execute(RemoteWebDriver.java:472)
	... 37 more
Caused by: java.net.SocketException: Connection reset
	at java.net.SocketInputStream.read(SocketInputStream.java:168)
	at org.apache.http.impl.io.AbstractSessionInputBuffer.fillBuffer(AbstractSessionInputBuffer.java:149)
	at org.apache.http.impl.io.SocketInputBuffer.fillBuffer(SocketInputBuffer.java:110)
	at org.apache.http.impl.io.AbstractSessionInputBuffer.readLine(AbstractSessionInputBuffer.java:264)
	at org.apache.http.impl.conn.DefaultResponseParser.parseHead(DefaultResponseParser.java:98)
	at org.apache.http.impl.io.AbstractMessageParser.parse(AbstractMessageParser.java:252)
	at org.apache.http.impl.AbstractHttpClientConnection.receiveResponseHeader(AbstractHttpClientConnection.java:281)
	at org.apache.http.impl.conn.DefaultClientConnection.receiveResponseHeader(DefaultClientConnection.java:247)
	at org.apache.http.impl.conn.AbstractClientConnAdapter.receiveResponseHeader(AbstractClientConnAdapter.java:219)
	at org.apache.http.protocol.HttpRequestExecutor.doReceiveResponse(HttpRequestExecutor.java:298)
	at org.apache.http.protocol.HttpRequestExecutor.execute(HttpRequestExecutor.java:125)
	at org.apache.http.impl.client.DefaultRequestDirector.tryExecute(DefaultRequestDirector.java:645)
	at org.apache.http.impl.client.DefaultRequestDirector.execute(DefaultRequestDirector.java:464)
	at org.apache.http.impl.client.AbstractHttpClient.execute(AbstractHttpClient.java:820)
	at org.openqa.selenium.remote.HttpCommandExecutor.fallBackExecute(HttpCommandExecutor.java:319)
	at org.openqa.selenium.remote.HttpCommandExecutor.execute(HttpCommandExecutor.java:297)
	at org.openqa.selenium.remote.service.DriverCommandExecutor.execute(DriverCommandExecutor.java:66)
	... 38 more
... Removed 25 stack frames]]>
    </failure>
  </testcase> <!-- launchHomePage -->
  <testcase name="launchHomePage" time="1.248" classname="com.jav.Domestic.tests.EOLDomesticEnrollNow_Test">
    <failure type="org.openqa.selenium.remote.UnreachableBrowserException" message="Error communicating with the remote browser. It may have died.
Build info: version: &amp;apos;2.25.0&amp;apos;, revision: &amp;apos;17482&amp;apos;, time: &amp;apos;2012-07-18 22:18:01&amp;apos;
System info: os.name: &amp;apos;Windows Vista&amp;apos;, os.arch: &amp;apos;x86&amp;apos;, os.version: &amp;apos;6.1&amp;apos;, java.version: &amp;apos;1.6.0&amp;apos;
Driver info: driver.version: RemoteWebDriver">
      <![CDATA[org.openqa.selenium.remote.UnreachableBrowserException: Error communicating with the remote browser. It may have died.
Build info: version: '2.25.0', revision: '17482', time: '2012-07-18 22:18:01'
System info: os.name: 'Windows Vista', os.arch: 'x86', os.version: '6.1', java.version: '1.6.0'
Driver info: driver.version: RemoteWebDriver
	at org.openqa.selenium.remote.RemoteWebDriver.execute(RemoteWebDriver.java:493)
	at org.openqa.selenium.remote.RemoteWebDriver.get(RemoteWebDriver.java:242)
	at com.jav.Domestic.fixture.BaseFixture.launchUrl(BaseFixture.java:85)
	at com.jav.Domestic.tests.EOLDomesticEnrollNow_Test.launchHomePage(EOLDomesticEnrollNow_Test.java:68)
	at org.apache.maven.surefire.testng.TestNGExecutor.run(TestNGExecutor.java:70)
	at org.apache.maven.surefire.testng.TestNGDirectoryTestSuite.executeMulti(TestNGDirectoryTestSuite.java:158)
	at org.apache.maven.surefire.testng.TestNGDirectoryTestSuite.execute(TestNGDirectoryTestSuite.java:98)
	at org.apache.maven.surefire.testng.TestNGProvider.invoke(TestNGProvider.java:111)
	at org.apache.maven.surefire.util.ReflectionUtils.invokeMethodWithArray(ReflectionUtils.java:164)
	at org.apache.maven.surefire.booter.ProviderFactory$ProviderProxy.invoke(ProviderFactory.java:110)
	at org.apache.maven.surefire.booter.SurefireStarter.invokeProvider(SurefireStarter.java:175)
	at org.apache.maven.surefire.booter.SurefireStarter.runSuitesInProcessWhenForked(SurefireStarter.java:107)
	at org.apache.maven.surefire.booter.ForkedBooter.main(ForkedBooter.java:68)
Caused by: org.openqa.selenium.WebDriverException: java.net.SocketException: Connection reset
Build info: version: '2.25.0', revision: '17482', time: '2012-07-18 22:18:01'
System info: os.name: 'Windows Vista', os.arch: 'x86', os.version: '6.1', java.version: '1.6.0'
Driver info: driver.version: RemoteWebDriver
	at org.openqa.selenium.remote.service.DriverCommandExecutor.execute(DriverCommandExecutor.java:75)
	at org.openqa.selenium.remote.RemoteWebDriver.execute(RemoteWebDriver.java:472)
	... 37 more
Caused by: java.net.SocketException: Connection reset
	at java.net.SocketInputStream.read(SocketInputStream.java:168)
	at org.apache.http.impl.io.AbstractSessionInputBuffer.fillBuffer(AbstractSessionInputBuffer.java:149)
	at org.apache.http.impl.io.SocketInputBuffer.fillBuffer(SocketInputBuffer.java:110)
	at org.apache.http.impl.io.AbstractSessionInputBuffer.readLine(AbstractSessionInputBuffer.java:264)
	at org.apache.http.impl.conn.DefaultResponseParser.parseHead(DefaultResponseParser.java:98)
	at org.apache.http.impl.io.AbstractMessageParser.parse(AbstractMessageParser.java:252)
	at org.apache.http.impl.AbstractHttpClientConnection.receiveResponseHeader(AbstractHttpClientConnection.java:281)
	at org.apache.http.impl.conn.DefaultClientConnection.receiveResponseHeader(DefaultClientConnection.java:247)
	at org.apache.http.impl.conn.AbstractClientConnAdapter.receiveResponseHeader(AbstractClientConnAdapter.java:219)
	at org.apache.http.protocol.HttpRequestExecutor.doReceiveResponse(HttpRequestExecutor.java:298)
	at org.apache.http.protocol.HttpRequestExecutor.execute(HttpRequestExecutor.java:125)
	at org.apache.http.impl.client.DefaultRequestDirector.tryExecute(DefaultRequestDirector.java:645)
	at org.apache.http.impl.client.DefaultRequestDirector.execute(DefaultRequestDirector.java:464)
	at org.apache.http.impl.client.AbstractHttpClient.execute(AbstractHttpClient.java:820)
	at org.openqa.selenium.remote.HttpCommandExecutor.fallBackExecute(HttpCommandExecutor.java:319)
	at org.openqa.selenium.remote.HttpCommandExecutor.execute(HttpCommandExecutor.java:297)
	at org.openqa.selenium.remote.service.DriverCommandExecutor.execute(DriverCommandExecutor.java:66)
	... 38 more
... Removed 25 stack frames]]>
    </failure>
  </testcase> <!-- launchHomePage -->
  <testcase name="launchHomePage" time="1.357" classname="com.jav.Domestic.tests.EOLDomesticEnrollNow_nocourse_Test">
    <failure type="org.openqa.selenium.remote.UnreachableBrowserException" message="Error communicating with the remote browser. It may have died.
Build info: version: &amp;apos;2.25.0&amp;apos;, revision: &amp;apos;17482&amp;apos;, time: &amp;apos;2012-07-18 22:18:01&amp;apos;
System info: os.name: &amp;apos;Windows Vista&amp;apos;, os.arch: &amp;apos;x86&amp;apos;, os.version: &amp;apos;6.1&amp;apos;, java.version: &amp;apos;1.6.0&amp;apos;
Driver info: driver.version: RemoteWebDriver">
      <![CDATA[org.openqa.selenium.remote.UnreachableBrowserException: Error communicating with the remote browser. It may have died.
Build info: version: '2.25.0', revision: '17482', time: '2012-07-18 22:18:01'
System info: os.name: 'Windows Vista', os.arch: 'x86', os.version: '6.1', java.version: '1.6.0'
Driver info: driver.version: RemoteWebDriver
	at org.openqa.selenium.remote.RemoteWebDriver.execute(RemoteWebDriver.java:493)
	at org.openqa.selenium.remote.RemoteWebDriver.get(RemoteWebDriver.java:242)
	at com.jav.Domestic.fixture.BaseFixture.launchUrl(BaseFixture.java:85)
	at com.jav.Domestic.tests.EOLDomesticEnrollNow_nocourse_Test.launchHomePage(EOLDomesticEnrollNow_nocourse_Test.java:71)
	at org.apache.maven.surefire.testng.TestNGExecutor.run(TestNGExecutor.java:70)
	at org.apache.maven.surefire.testng.TestNGDirectoryTestSuite.executeMulti(TestNGDirectoryTestSuite.java:158)
	at org.apache.maven.surefire.testng.TestNGDirectoryTestSuite.execute(TestNGDirectoryTestSuite.java:98)
	at org.apache.maven.surefire.testng.TestNGProvider.invoke(TestNGProvider.java:111)
	at org.apache.maven.surefire.util.ReflectionUtils.invokeMethodWithArray(ReflectionUtils.java:164)
	at org.apache.maven.surefire.booter.ProviderFactory$ProviderProxy.invoke(ProviderFactory.java:110)
	at org.apache.maven.surefire.booter.SurefireStarter.invokeProvider(SurefireStarter.java:175)
	at org.apache.maven.surefire.booter.SurefireStarter.runSuitesInProcessWhenForked(SurefireStarter.java:107)
	at org.apache.maven.surefire.booter.ForkedBooter.main(ForkedBooter.java:68)
Caused by: org.openqa.selenium.WebDriverException: java.net.SocketException: Connection reset
Build info: version: '2.25.0', revision: '17482', time: '2012-07-18 22:18:01'
System info: os.name: 'Windows Vista', os.arch: 'x86', os.version: '6.1', java.version: '1.6.0'
Driver info: driver.version: RemoteWebDriver
	at org.openqa.selenium.remote.service.DriverCommandExecutor.execute(DriverCommandExecutor.java:75)
	at org.openqa.selenium.remote.RemoteWebDriver.execute(RemoteWebDriver.java:472)
	... 37 more
Caused by: java.net.SocketException: Connection reset
	at java.net.SocketInputStream.read(SocketInputStream.java:168)
	at org.apache.http.impl.io.AbstractSessionInputBuffer.fillBuffer(AbstractSessionInputBuffer.java:149)
	at org.apache.http.impl.io.SocketInputBuffer.fillBuffer(SocketInputBuffer.java:110)
	at org.apache.http.impl.io.AbstractSessionInputBuffer.readLine(AbstractSessionInputBuffer.java:264)
	at org.apache.http.impl.conn.DefaultResponseParser.parseHead(DefaultResponseParser.java:98)
	at org.apache.http.impl.io.AbstractMessageParser.parse(AbstractMessageParser.java:252)
	at org.apache.http.impl.AbstractHttpClientConnection.receiveResponseHeader(AbstractHttpClientConnection.java:281)
	at org.apache.http.impl.conn.DefaultClientConnection.receiveResponseHeader(DefaultClientConnection.java:247)
	at org.apache.http.impl.conn.AbstractClientConnAdapter.receiveResponseHeader(AbstractClientConnAdapter.java:219)
	at org.apache.http.protocol.HttpRequestExecutor.doReceiveResponse(HttpRequestExecutor.java:298)
	at org.apache.http.protocol.HttpRequestExecutor.execute(HttpRequestExecutor.java:125)
	at org.apache.http.impl.client.DefaultRequestDirector.tryExecute(DefaultRequestDirector.java:645)
	at org.apache.http.impl.client.DefaultRequestDirector.execute(DefaultRequestDirector.java:464)
	at org.apache.http.impl.client.AbstractHttpClient.execute(AbstractHttpClient.java:820)
	at org.openqa.selenium.remote.HttpCommandExecutor.fallBackExecute(HttpCommandExecutor.java:319)
	at org.openqa.selenium.remote.HttpCommandExecutor.execute(HttpCommandExecutor.java:297)
	at org.openqa.selenium.remote.service.DriverCommandExecutor.execute(DriverCommandExecutor.java:66)
	... 38 more
... Removed 25 stack frames]]>
    </failure>
  </testcase> <!-- launchHomePage -->
  <testcase name="launchHomePage" time="1.061" classname="com.jav.Domestic.tests.EOLDomesticReceiveInfo_Test">
    <failure type="org.openqa.selenium.remote.UnreachableBrowserException" message="Error communicating with the remote browser. It may have died.
Build info: version: &amp;apos;2.25.0&amp;apos;, revision: &amp;apos;17482&amp;apos;, time: &amp;apos;2012-07-18 22:18:01&amp;apos;
System info: os.name: &amp;apos;Windows Vista&amp;apos;, os.arch: &amp;apos;x86&amp;apos;, os.version: &amp;apos;6.1&amp;apos;, java.version: &amp;apos;1.6.0&amp;apos;
Driver info: driver.version: RemoteWebDriver">
      <![CDATA[org.openqa.selenium.remote.UnreachableBrowserException: Error communicating with the remote browser. It may have died.
Build info: version: '2.25.0', revision: '17482', time: '2012-07-18 22:18:01'
System info: os.name: 'Windows Vista', os.arch: 'x86', os.version: '6.1', java.version: '1.6.0'
Driver info: driver.version: RemoteWebDriver
	at org.openqa.selenium.remote.RemoteWebDriver.execute(RemoteWebDriver.java:493)
	at org.openqa.selenium.remote.RemoteWebDriver.get(RemoteWebDriver.java:242)
	at com.jav.Domestic.fixture.BaseFixture.launchUrl(BaseFixture.java:85)
	at com.jav.Domestic.tests.EOLDomesticReceiveInfo_Test.launchHomePage(EOLDomesticReceiveInfo_Test.java:64)
	at org.apache.maven.surefire.testng.TestNGExecutor.run(TestNGExecutor.java:70)
	at org.apache.maven.surefire.testng.TestNGDirectoryTestSuite.executeMulti(TestNGDirectoryTestSuite.java:158)
	at org.apache.maven.surefire.testng.TestNGDirectoryTestSuite.execute(TestNGDirectoryTestSuite.java:98)
	at org.apache.maven.surefire.testng.TestNGProvider.invoke(TestNGProvider.java:111)
	at org.apache.maven.surefire.util.ReflectionUtils.invokeMethodWithArray(ReflectionUtils.java:164)
	at org.apache.maven.surefire.booter.ProviderFactory$ProviderProxy.invoke(ProviderFactory.java:110)
	at org.apache.maven.surefire.booter.SurefireStarter.invokeProvider(SurefireStarter.java:175)
	at org.apache.maven.surefire.booter.SurefireStarter.runSuitesInProcessWhenForked(SurefireStarter.java:107)
	at org.apache.maven.surefire.booter.ForkedBooter.main(ForkedBooter.java:68)
Caused by: org.openqa.selenium.WebDriverException: java.net.SocketException: Connection reset
Build info: version: '2.25.0', revision: '17482', time: '2012-07-18 22:18:01'
System info: os.name: 'Windows Vista', os.arch: 'x86', os.version: '6.1', java.version: '1.6.0'
Driver info: driver.version: RemoteWebDriver
	at org.openqa.selenium.remote.service.DriverCommandExecutor.execute(DriverCommandExecutor.java:75)
	at org.openqa.selenium.remote.RemoteWebDriver.execute(RemoteWebDriver.java:472)
	... 37 more
Caused by: java.net.SocketException: Connection reset
	at java.net.SocketInputStream.read(SocketInputStream.java:168)
	at org.apache.http.impl.io.AbstractSessionInputBuffer.fillBuffer(AbstractSessionInputBuffer.java:149)
	at org.apache.http.impl.io.SocketInputBuffer.fillBuffer(SocketInputBuffer.java:110)
	at org.apache.http.impl.io.AbstractSessionInputBuffer.readLine(AbstractSessionInputBuffer.java:264)
	at org.apache.http.impl.conn.DefaultResponseParser.parseHead(DefaultResponseParser.java:98)
	at org.apache.http.impl.io.AbstractMessageParser.parse(AbstractMessageParser.java:252)
	at org.apache.http.impl.AbstractHttpClientConnection.receiveResponseHeader(AbstractHttpClientConnection.java:281)
	at org.apache.http.impl.conn.DefaultClientConnection.receiveResponseHeader(DefaultClientConnection.java:247)
	at org.apache.http.impl.conn.AbstractClientConnAdapter.receiveResponseHeader(AbstractClientConnAdapter.java:219)
	at org.apache.http.protocol.HttpRequestExecutor.doReceiveResponse(HttpRequestExecutor.java:298)
	at org.apache.http.protocol.HttpRequestExecutor.execute(HttpRequestExecutor.java:125)
	at org.apache.http.impl.client.DefaultRequestDirector.tryExecute(DefaultRequestDirector.java:645)
	at org.apache.http.impl.client.DefaultRequestDirector.execute(DefaultRequestDirector.java:464)
	at org.apache.http.impl.client.AbstractHttpClient.execute(AbstractHttpClient.java:820)
	at org.openqa.selenium.remote.HttpCommandExecutor.fallBackExecute(HttpCommandExecutor.java:319)
	at org.openqa.selenium.remote.HttpCommandExecutor.execute(HttpCommandExecutor.java:297)
	at org.openqa.selenium.remote.service.DriverCommandExecutor.execute(DriverCommandExecutor.java:66)
	... 38 more
... Removed 25 stack frames]]>
    </failure>
  </testcase> <!-- launchHomePage -->
  <testcase name="launchHomePage" time="0.811" classname="com.jav.Domestic.tests.EOLDomesticReceiveInfo_nocourse_Test">
    <failure type="org.openqa.selenium.remote.UnreachableBrowserException" message="Error communicating with the remote browser. It may have died.
Build info: version: &amp;apos;2.25.0&amp;apos;, revision: &amp;apos;17482&amp;apos;, time: &amp;apos;2012-07-18 22:18:01&amp;apos;
System info: os.name: &amp;apos;Windows Vista&amp;apos;, os.arch: &amp;apos;x86&amp;apos;, os.version: &amp;apos;6.1&amp;apos;, java.version: &amp;apos;1.6.0&amp;apos;
Driver info: driver.version: RemoteWebDriver">
      <![CDATA[org.openqa.selenium.remote.UnreachableBrowserException: Error communicating with the remote browser. It may have died.
Build info: version: '2.25.0', revision: '17482', time: '2012-07-18 22:18:01'
System info: os.name: 'Windows Vista', os.arch: 'x86', os.version: '6.1', java.version: '1.6.0'
Driver info: driver.version: RemoteWebDriver
	at org.openqa.selenium.remote.RemoteWebDriver.execute(RemoteWebDriver.java:493)
	at org.openqa.selenium.remote.RemoteWebDriver.get(RemoteWebDriver.java:242)
	at com.jav.Domestic.fixture.BaseFixture.launchUrl(BaseFixture.java:85)
	at com.jav.Domestic.tests.EOLDomesticReceiveInfo_nocourse_Test.launchHomePage(EOLDomesticReceiveInfo_nocourse_Test.java:69)
	at org.apache.maven.surefire.testng.TestNGExecutor.run(TestNGExecutor.java:70)
	at org.apache.maven.surefire.testng.TestNGDirectoryTestSuite.executeMulti(TestNGDirectoryTestSuite.java:158)
	at org.apache.maven.surefire.testng.TestNGDirectoryTestSuite.execute(TestNGDirectoryTestSuite.java:98)
	at org.apache.maven.surefire.testng.TestNGProvider.invoke(TestNGProvider.java:111)
	at org.apache.maven.surefire.util.ReflectionUtils.invokeMethodWithArray(ReflectionUtils.java:164)
	at org.apache.maven.surefire.booter.ProviderFactory$ProviderProxy.invoke(ProviderFactory.java:110)
	at org.apache.maven.surefire.booter.SurefireStarter.invokeProvider(SurefireStarter.java:175)
	at org.apache.maven.surefire.booter.SurefireStarter.runSuitesInProcessWhenForked(SurefireStarter.java:107)
	at org.apache.maven.surefire.booter.ForkedBooter.main(ForkedBooter.java:68)
Caused by: org.openqa.selenium.WebDriverException: java.net.SocketException: Connection reset
Build info: version: '2.25.0', revision: '17482', time: '2012-07-18 22:18:01'
System info: os.name: 'Windows Vista', os.arch: 'x86', os.version: '6.1', java.version: '1.6.0'
Driver info: driver.version: RemoteWebDriver
	at org.openqa.selenium.remote.service.DriverCommandExecutor.execute(DriverCommandExecutor.java:75)
	at org.openqa.selenium.remote.RemoteWebDriver.execute(RemoteWebDriver.java:472)
	... 37 more
Caused by: java.net.SocketException: Connection reset
	at java.net.SocketInputStream.read(SocketInputStream.java:168)
	at org.apache.http.impl.io.AbstractSessionInputBuffer.fillBuffer(AbstractSessionInputBuffer.java:149)
	at org.apache.http.impl.io.SocketInputBuffer.fillBuffer(SocketInputBuffer.java:110)
	at org.apache.http.impl.io.AbstractSessionInputBuffer.readLine(AbstractSessionInputBuffer.java:264)
	at org.apache.http.impl.conn.DefaultResponseParser.parseHead(DefaultResponseParser.java:98)
	at org.apache.http.impl.io.AbstractMessageParser.parse(AbstractMessageParser.java:252)
	at org.apache.http.impl.AbstractHttpClientConnection.receiveResponseHeader(AbstractHttpClientConnection.java:281)
	at org.apache.http.impl.conn.DefaultClientConnection.receiveResponseHeader(DefaultClientConnection.java:247)
	at org.apache.http.impl.conn.AbstractClientConnAdapter.receiveResponseHeader(AbstractClientConnAdapter.java:219)
	at org.apache.http.protocol.HttpRequestExecutor.doReceiveResponse(HttpRequestExecutor.java:298)
	at org.apache.http.protocol.HttpRequestExecutor.execute(HttpRequestExecutor.java:125)
	at org.apache.http.impl.client.DefaultRequestDirector.tryExecute(DefaultRequestDirector.java:645)
	at org.apache.http.impl.client.DefaultRequestDirector.execute(DefaultRequestDirector.java:464)
	at org.apache.http.impl.client.AbstractHttpClient.execute(AbstractHttpClient.java:820)
	at org.openqa.selenium.remote.HttpCommandExecutor.fallBackExecute(HttpCommandExecutor.java:319)
	at org.openqa.selenium.remote.HttpCommandExecutor.execute(HttpCommandExecutor.java:297)
	at org.openqa.selenium.remote.service.DriverCommandExecutor.execute(DriverCommandExecutor.java:66)
	... 38 more
... Removed 25 stack frames]]>
    </failure>
  </testcase> <!-- launchHomePage -->
  <testcase name="launchSelectedSiteCoreURL" time="0.717" classname="com.jav.Domestic.tests.SiteCoreULR_Feature_Test">
    <failure type="org.openqa.selenium.remote.UnreachableBrowserException" message="Error communicating with the remote browser. It may have died.
Build info: version: &amp;apos;2.25.0&amp;apos;, revision: &amp;apos;17482&amp;apos;, time: &amp;apos;2012-07-18 22:18:01&amp;apos;
System info: os.name: &amp;apos;Windows Vista&amp;apos;, os.arch: &amp;apos;x86&amp;apos;, os.version: &amp;apos;6.1&amp;apos;, java.version: &amp;apos;1.6.0&amp;apos;
Driver info: driver.version: RemoteWebDriver">
      <![CDATA[org.openqa.selenium.remote.UnreachableBrowserException: Error communicating with the remote browser. It may have died.
Build info: version: '2.25.0', revision: '17482', time: '2012-07-18 22:18:01'
System info: os.name: 'Windows Vista', os.arch: 'x86', os.version: '6.1', java.version: '1.6.0'
Driver info: driver.version: RemoteWebDriver
	at org.openqa.selenium.remote.RemoteWebDriver.execute(RemoteWebDriver.java:493)
	at org.openqa.selenium.remote.RemoteWebDriver.get(RemoteWebDriver.java:242)
	at com.jav.Domestic.fixture.BaseFixture.launchUrl(BaseFixture.java:85)
	at com.jav.Domestic.tests.SiteCoreULR_Feature_Test.launchSelectedSiteCoreURL(SiteCoreULR_Feature_Test.java:68)
	at org.apache.maven.surefire.testng.TestNGExecutor.run(TestNGExecutor.java:70)
	at org.apache.maven.surefire.testng.TestNGDirectoryTestSuite.executeMulti(TestNGDirectoryTestSuite.java:158)
	at org.apache.maven.surefire.testng.TestNGDirectoryTestSuite.execute(TestNGDirectoryTestSuite.java:98)
	at org.apache.maven.surefire.testng.TestNGProvider.invoke(TestNGProvider.java:111)
	at org.apache.maven.surefire.util.ReflectionUtils.invokeMethodWithArray(ReflectionUtils.java:164)
	at org.apache.maven.surefire.booter.ProviderFactory$ProviderProxy.invoke(ProviderFactory.java:110)
	at org.apache.maven.surefire.booter.SurefireStarter.invokeProvider(SurefireStarter.java:175)
	at org.apache.maven.surefire.booter.SurefireStarter.runSuitesInProcessWhenForked(SurefireStarter.java:107)
	at org.apache.maven.surefire.booter.ForkedBooter.main(ForkedBooter.java:68)
Caused by: org.openqa.selenium.WebDriverException: java.net.SocketException: Connection reset
Build info: version: '2.25.0', revision: '17482', time: '2012-07-18 22:18:01'
System info: os.name: 'Windows Vista', os.arch: 'x86', os.version: '6.1', java.version: '1.6.0'
Driver info: driver.version: RemoteWebDriver
	at org.openqa.selenium.remote.service.DriverCommandExecutor.execute(DriverCommandExecutor.java:75)
	at org.openqa.selenium.remote.RemoteWebDriver.execute(RemoteWebDriver.java:472)
	... 37 more
Caused by: java.net.SocketException: Connection reset
	at java.net.SocketInputStream.read(SocketInputStream.java:168)
	at org.apache.http.impl.io.AbstractSessionInputBuffer.fillBuffer(AbstractSessionInputBuffer.java:149)
	at org.apache.http.impl.io.SocketInputBuffer.fillBuffer(SocketInputBuffer.java:110)
	at org.apache.http.impl.io.AbstractSessionInputBuffer.readLine(AbstractSessionInputBuffer.java:264)
	at org.apache.http.impl.conn.DefaultResponseParser.parseHead(DefaultResponseParser.java:98)
	at org.apache.http.impl.io.AbstractMessageParser.parse(AbstractMessageParser.java:252)
	at org.apache.http.impl.AbstractHttpClientConnection.receiveResponseHeader(AbstractHttpClientConnection.java:281)
	at org.apache.http.impl.conn.DefaultClientConnection.receiveResponseHeader(DefaultClientConnection.java:247)
	at org.apache.http.impl.conn.AbstractClientConnAdapter.receiveResponseHeader(AbstractClientConnAdapter.java:219)
	at org.apache.http.protocol.HttpRequestExecutor.doReceiveResponse(HttpRequestExecutor.java:298)
	at org.apache.http.protocol.HttpRequestExecutor.execute(HttpRequestExecutor.java:125)
	at org.apache.http.impl.client.DefaultRequestDirector.tryExecute(DefaultRequestDirector.java:645)
	at org.apache.http.impl.client.DefaultRequestDirector.execute(DefaultRequestDirector.java:464)
	at org.apache.http.impl.client.AbstractHttpClient.execute(AbstractHttpClient.java:820)
	at org.openqa.selenium.remote.HttpCommandExecutor.fallBackExecute(HttpCommandExecutor.java:319)
	at org.openqa.selenium.remote.HttpCommandExecutor.execute(HttpCommandExecutor.java:297)
	at org.openqa.selenium.remote.service.DriverCommandExecutor.execute(DriverCommandExecutor.java:66)
	... 38 more
... Removed 25 stack frames]]>
    </failure>
  </testcase> <!-- launchSelectedSiteCoreURL -->
  <testcase name="homePageactions" time="0.0" classname="com.jav.Canada.tests.EOLCanadaReceiveInfo_Test">
    <skipped/>
  </testcase> <!-- homePageactions -->
  <testcase name="homePageactions" time="0.0" classname="com.jav.Canada.tests.EOLCanadaReceiveInfo_nocourse_Test">
    <skipped/>
  </testcase> <!-- homePageactions -->
  <testcase name="homePageactions" time="0.0" classname="com.jav.Domestic.tests.EOLDomesticEnrollNow_Test">
    <skipped/>
  </testcase> <!-- homePageactions -->
  <testcase name="homePageactions" time="0.0" classname="com.jav.Domestic.tests.EOLDomesticEnrollNow_nocourse_Test">
    <skipped/>
  </testcase> <!-- homePageactions -->
  <testcase name="homePageactions" time="0.0" classname="com.jav.Domestic.tests.EOLDomesticReceiveInfo_Test">
    <skipped/>
  </testcase> <!-- homePageactions -->
  <testcase name="homePageactions" time="0.0" classname="com.jav.Domestic.tests.EOLDomesticReceiveInfo_nocourse_Test">
    <skipped/>
  </testcase> <!-- homePageactions -->
  <testcase name="VerifySiteCoreHomePage" time="0.0" classname="com.jav.Domestic.tests.SiteCoreULR_Feature_Test">
    <skipped/>
  </testcase> <!-- VerifySiteCoreHomePage -->
  <testcase name="verifyElementsDisplayOnStep1EnrollmentProcess" time="0.0" classname="com.jav.Canada.tests.EOLCanadaReceiveInfo_Test">
    <skipped/>
  </testcase> <!-- verifyElementsDisplayOnStep1EnrollmentProcess -->
  <testcase name="getNumberOfCourseAvailable" time="0.0" classname="com.jav.Canada.tests.EOLCanadaReceiveInfo_nocourse_Test">
    <skipped/>
  </testcase> <!-- getNumberOfCourseAvailable -->
  <testcase name="enterRemaningInformationOnPersonalInformatoinPage" time="0.0" classname="com.jav.Domestic.tests.EOLDomesticEnrollNow_Test">
    <skipped/>
  </testcase> <!-- enterRemaningInformationOnPersonalInformatoinPage -->
  <testcase name="getNumberOfCourseAvailable" time="0.0" classname="com.jav.Domestic.tests.EOLDomesticEnrollNow_nocourse_Test">
    <skipped/>
  </testcase> <!-- getNumberOfCourseAvailable -->
  <testcase name="verifyElementsDisplayOnStep1EnrollmentProcess" time="0.0" classname="com.jav.Domestic.tests.EOLDomesticReceiveInfo_Test">
    <skipped/>
  </testcase> <!-- verifyElementsDisplayOnStep1EnrollmentProcess -->
  <testcase name="getNumberOfCourseAvailable" time="0.0" classname="com.jav.Domestic.tests.EOLDomesticReceiveInfo_nocourse_Test">
    <skipped/>
  </testcase> <!-- getNumberOfCourseAvailable -->
  <testcase name="verifyElementsDisplayOnStep1EnrollmentProcess" time="0.0" classname="com.jav.Domestic.tests.SiteCoreULR_Feature_Test">
    <skipped/>
  </testcase> <!-- verifyElementsDisplayOnStep1EnrollmentProcess -->
  <testcase name="enterStudentInformationOnStep1Page" time="0.0" classname="com.jav.Canada.tests.EOLCanadaReceiveInfo_Test">
    <skipped/>
  </testcase> <!-- enterStudentInformationOnStep1Page -->
  <testcase name="selectCourseFromAvailableCourses" time="0.0" classname="com.jav.Canada.tests.EOLCanadaReceiveInfo_nocourse_Test">
    <skipped/>
  </testcase> <!-- selectCourseFromAvailableCourses -->
  <testcase name="verifyredirectToPaymentInformationPage" time="0.0" classname="com.jav.Domestic.tests.EOLDomesticEnrollNow_Test">
    <skipped/>
  </testcase> <!-- verifyredirectToPaymentInformationPage -->
  <testcase name="selectCourseFromAvailableCourses" time="0.0" classname="com.jav.Domestic.tests.EOLDomesticEnrollNow_nocourse_Test">
    <skipped/>
  </testcase> <!-- selectCourseFromAvailableCourses -->
  <testcase name="enterStudentInformationOnStep1Page" time="0.0" classname="com.jav.Domestic.tests.EOLDomesticReceiveInfo_Test">
    <skipped/>
  </testcase> <!-- enterStudentInformationOnStep1Page -->
  <testcase name="selectCourseFromAvailableCourses" time="0.0" classname="com.jav.Domestic.tests.EOLDomesticReceiveInfo_nocourse_Test">
    <skipped/>
  </testcase> <!-- selectCourseFromAvailableCourses -->
  <testcase name="enterStudentInformationOnStep1Page" time="0.0" classname="com.jav.Domestic.tests.SiteCoreULR_Feature_Test">
    <skipped/>
  </testcase> <!-- enterStudentInformationOnStep1Page -->
  <testcase name="redirectToThankYouPageAndClickEnrollOnLine" time="0.0" classname="com.jav.Canada.tests.EOLCanadaReceiveInfo_Test">
    <skipped/>
  </testcase> <!-- redirectToThankYouPageAndClickEnrollOnLine -->
  <testcase name="verifyElementsDisplayOnStep1EnrollmentProcess" time="0.0" classname="com.jav.Canada.tests.EOLCanadaReceiveInfo_nocourse_Test">
    <skipped/>
  </testcase> <!-- verifyElementsDisplayOnStep1EnrollmentProcess -->
  <testcase name="verifyElementsDisplayOnPaymentInformation" time="0.0" classname="com.jav.Domestic.tests.EOLDomesticEnrollNow_Test">
    <skipped/>
  </testcase> <!-- verifyElementsDisplayOnPaymentInformation -->
  <testcase name="enterRemaningInformationOnPersonalInformatoinPage" time="0.0" classname="com.jav.Domestic.tests.EOLDomesticEnrollNow_nocourse_Test">
    <skipped/>
  </testcase> <!-- enterRemaningInformationOnPersonalInformatoinPage -->
  <testcase name="redirectToThankYouPageAndClickEnrollOnLine" time="0.0" classname="com.jav.Domestic.tests.EOLDomesticReceiveInfo_Test">
    <skipped/>
  </testcase> <!-- redirectToThankYouPageAndClickEnrollOnLine -->
  <testcase name="verifyElementsDisplayOnStep1EnrollmentProcess" time="0.0" classname="com.jav.Domestic.tests.EOLDomesticReceiveInfo_nocourse_Test">
    <skipped/>
  </testcase> <!-- verifyElementsDisplayOnStep1EnrollmentProcess -->
  <testcase name="redirectToThankYouPageAndClickEnrollOnLine" time="0.0" classname="com.jav.Domestic.tests.SiteCoreULR_Feature_Test">
    <skipped/>
  </testcase> <!-- redirectToThankYouPageAndClickEnrollOnLine -->
  <testcase name="verifyElementDisplayOnPersonalInformationPage" time="0.031" classname="com.jav.Canada.tests.EOLCanadaReceiveInfo_Test">
    <skipped/>
  </testcase> <!-- verifyElementDisplayOnPersonalInformationPage -->
  <testcase name="enterStudentInformationOnStep1Page" time="0.0" classname="com.jav.Canada.tests.EOLCanadaReceiveInfo_nocourse_Test">
    <skipped/>
  </testcase> <!-- enterStudentInformationOnStep1Page -->
  <testcase name="selectModeOfPaymentandProvideInformation" time="0.0" classname="com.jav.Domestic.tests.EOLDomesticEnrollNow_Test">
    <skipped/>
  </testcase> <!-- selectModeOfPaymentandProvideInformation -->
  <testcase name="verifyredirectToPaymentInformationPage" time="0.0" classname="com.jav.Domestic.tests.EOLDomesticEnrollNow_nocourse_Test">
    <skipped/>
  </testcase> <!-- verifyredirectToPaymentInformationPage -->
  <testcase name="verifyElementDisplayOnPersonalInformationPage" time="0.0" classname="com.jav.Domestic.tests.EOLDomesticReceiveInfo_Test">
    <skipped/>
  </testcase> <!-- verifyElementDisplayOnPersonalInformationPage -->
  <testcase name="enterStudentInformationOnStep1Page" time="0.0" classname="com.jav.Domestic.tests.EOLDomesticReceiveInfo_nocourse_Test">
    <skipped/>
  </testcase> <!-- enterStudentInformationOnStep1Page -->
  <testcase name="verifyElementDisplayOnPersonalInformationPage" time="0.0" classname="com.jav.Domestic.tests.SiteCoreULR_Feature_Test">
    <skipped/>
  </testcase> <!-- verifyElementDisplayOnPersonalInformationPage -->
  <testcase name="enterRemaningInformationOnPersonalInformatoinPage" time="0.0" classname="com.jav.Canada.tests.EOLCanadaReceiveInfo_Test">
    <skipped/>
  </testcase> <!-- enterRemaningInformationOnPersonalInformatoinPage -->
  <testcase name="redirectToThankYouPageAndClickEnrollOnLine" time="0.0" classname="com.jav.Canada.tests.EOLCanadaReceiveInfo_nocourse_Test">
    <skipped/>
  </testcase> <!-- redirectToThankYouPageAndClickEnrollOnLine -->
  <testcase name="verifyElementsDisplayAfterSelectModeOfPayment" time="0.0" classname="com.jav.Domestic.tests.EOLDomesticEnrollNow_Test">
    <skipped/>
  </testcase> <!-- verifyElementsDisplayAfterSelectModeOfPayment -->
  <testcase name="verifyElementsDisplayOnPaymentInformation" time="0.0" classname="com.jav.Domestic.tests.EOLDomesticEnrollNow_nocourse_Test">
    <skipped/>
  </testcase> <!-- verifyElementsDisplayOnPaymentInformation -->
  <testcase name="enterRemaningInformationOnPersonalInformatoinPage" time="0.0" classname="com.jav.Domestic.tests.EOLDomesticReceiveInfo_Test">
    <skipped/>
  </testcase> <!-- enterRemaningInformationOnPersonalInformatoinPage -->
  <testcase name="redirectToThankYouPageAndClickEnrollOnLine" time="0.0" classname="com.jav.Domestic.tests.EOLDomesticReceiveInfo_nocourse_Test">
    <skipped/>
  </testcase> <!-- redirectToThankYouPageAndClickEnrollOnLine -->
  <testcase name="enterRemaningInformationOnPersonalInformatoinPage" time="0.0" classname="com.jav.Domestic.tests.SiteCoreULR_Feature_Test">
    <skipped/>
  </testcase> <!-- enterRemaningInformationOnPersonalInformatoinPage -->
  <testcase name="verifyredirectToPaymentInformationPage" time="0.0" classname="com.jav.Canada.tests.EOLCanadaReceiveInfo_Test">
    <skipped/>
  </testcase> <!-- verifyredirectToPaymentInformationPage -->
  <testcase name="verifyElementDisplayOnPersonalInformationPage" time="0.0" classname="com.jav.Canada.tests.EOLCanadaReceiveInfo_nocourse_Test">
    <skipped/>
  </testcase> <!-- verifyElementDisplayOnPersonalInformationPage -->
  <testcase name="enterCreditCardInformation" time="0.0" classname="com.jav.Domestic.tests.EOLDomesticEnrollNow_Test">
    <skipped/>
  </testcase> <!-- enterCreditCardInformation -->
  <testcase name="selectModeOfPaymentandProvideInformation" time="0.0" classname="com.jav.Domestic.tests.EOLDomesticEnrollNow_nocourse_Test">
    <skipped/>
  </testcase> <!-- selectModeOfPaymentandProvideInformation -->
  <testcase name="verifyredirectToPaymentInformationPage" time="0.0" classname="com.jav.Domestic.tests.EOLDomesticReceiveInfo_Test">
    <skipped/>
  </testcase> <!-- verifyredirectToPaymentInformationPage -->
  <testcase name="verifyElementDisplayOnPersonalInformationPage" time="0.0" classname="com.jav.Domestic.tests.EOLDomesticReceiveInfo_nocourse_Test">
    <skipped/>
  </testcase> <!-- verifyElementDisplayOnPersonalInformationPage -->
  <testcase name="verifyredirectToPaymentInformationPage" time="0.0" classname="com.jav.Domestic.tests.SiteCoreULR_Feature_Test">
    <skipped/>
  </testcase> <!-- verifyredirectToPaymentInformationPage -->
  <testcase name="verifyElementsDisplayOnPaymentInformation" time="0.0" classname="com.jav.Canada.tests.EOLCanadaReceiveInfo_Test">
    <skipped/>
  </testcase> <!-- verifyElementsDisplayOnPaymentInformation -->
  <testcase name="enterRemaningInformationOnPersonalInformatoinPage" time="0.0" classname="com.jav.Canada.tests.EOLCanadaReceiveInfo_nocourse_Test">
    <skipped/>
  </testcase> <!-- enterRemaningInformationOnPersonalInformatoinPage -->
  <testcase name="verifyElementsDisplayOnReviewAndSubmitPage" time="0.0" classname="com.jav.Domestic.tests.EOLDomesticEnrollNow_Test">
    <skipped/>
  </testcase> <!-- verifyElementsDisplayOnReviewAndSubmitPage -->
  <testcase name="verifyElementsDisplayAfterSelectModeOfPayment" time="0.0" classname="com.jav.Domestic.tests.EOLDomesticEnrollNow_nocourse_Test">
    <skipped/>
  </testcase> <!-- verifyElementsDisplayAfterSelectModeOfPayment -->
  <testcase name="verifyElementsDisplayOnPaymentInformation" time="0.0" classname="com.jav.Domestic.tests.EOLDomesticReceiveInfo_Test">
    <skipped/>
  </testcase> <!-- verifyElementsDisplayOnPaymentInformation -->
  <testcase name="enterRemaningInformationOnPersonalInformatoinPage" time="0.0" classname="com.jav.Domestic.tests.EOLDomesticReceiveInfo_nocourse_Test">
    <skipped/>
  </testcase> <!-- enterRemaningInformationOnPersonalInformatoinPage -->
  <testcase name="verifyElementsDisplayOnPaymentInformation" time="0.0" classname="com.jav.Domestic.tests.SiteCoreULR_Feature_Test">
    <skipped/>
  </testcase> <!-- verifyElementsDisplayOnPaymentInformation -->
  <testcase name="selectModeOfPaymentandProvideInformation" time="0.0" classname="com.jav.Canada.tests.EOLCanadaReceiveInfo_Test">
    <skipped/>
  </testcase> <!-- selectModeOfPaymentandProvideInformation -->
  <testcase name="verifyredirectToPaymentInformationPage" time="0.0" classname="com.jav.Canada.tests.EOLCanadaReceiveInfo_nocourse_Test">
    <skipped/>
  </testcase> <!-- verifyredirectToPaymentInformationPage -->
  <testcase name="verifyandClickOnTermAndConditionsDisplayOnReviewandSubmitPage" time="0.0" classname="com.jav.Domestic.tests.EOLDomesticEnrollNow_Test">
    <skipped/>
  </testcase> <!-- verifyandClickOnTermAndConditionsDisplayOnReviewandSubmitPage -->
  <testcase name="enterCreditCardInformation" time="0.0" classname="com.jav.Domestic.tests.EOLDomesticEnrollNow_nocourse_Test">
    <skipped/>
  </testcase> <!-- enterCreditCardInformation -->
  <testcase name="selectModeOfPaymentandProvideInformation" time="0.0" classname="com.jav.Domestic.tests.EOLDomesticReceiveInfo_Test">
    <skipped/>
  </testcase> <!-- selectModeOfPaymentandProvideInformation -->
  <testcase name="verifyredirectToPaymentInformationPage" time="0.0" classname="com.jav.Domestic.tests.EOLDomesticReceiveInfo_nocourse_Test">
    <skipped/>
  </testcase> <!-- verifyredirectToPaymentInformationPage -->
  <testcase name="selectModeOfPaymentandProvideInformation" time="0.0" classname="com.jav.Domestic.tests.SiteCoreULR_Feature_Test">
    <skipped/>
  </testcase> <!-- selectModeOfPaymentandProvideInformation -->
  <testcase name="verifyElementsDisplayAfterSelectModeOfPayment" time="0.0" classname="com.jav.Canada.tests.EOLCanadaReceiveInfo_Test">
    <skipped/>
  </testcase> <!-- verifyElementsDisplayAfterSelectModeOfPayment -->
  <testcase name="verifyElementsDisplayOnPaymentInformation" time="0.0" classname="com.jav.Canada.tests.EOLCanadaReceiveInfo_nocourse_Test">
    <skipped/>
  </testcase> <!-- verifyElementsDisplayOnPaymentInformation -->
  <testcase name="verifyElementsDisplayOnReviewAndSubmitPage" time="0.0" classname="com.jav.Domestic.tests.EOLDomesticEnrollNow_nocourse_Test">
    <skipped/>
  </testcase> <!-- verifyElementsDisplayOnReviewAndSubmitPage -->
  <testcase name="verifyElementsDisplayAfterSelectModeOfPayment" time="0.0" classname="com.jav.Domestic.tests.EOLDomesticReceiveInfo_Test">
    <skipped/>
  </testcase> <!-- verifyElementsDisplayAfterSelectModeOfPayment -->
  <testcase name="verifyElementsDisplayOnPaymentInformation" time="0.0" classname="com.jav.Domestic.tests.EOLDomesticReceiveInfo_nocourse_Test">
    <skipped/>
  </testcase> <!-- verifyElementsDisplayOnPaymentInformation -->
  <testcase name="verifyElementsDisplayAfterSelectModeOfPayment" time="0.0" classname="com.jav.Domestic.tests.SiteCoreULR_Feature_Test">
    <skipped/>
  </testcase> <!-- verifyElementsDisplayAfterSelectModeOfPayment -->
  <testcase name="enterCreditCardInformation" time="0.0" classname="com.jav.Canada.tests.EOLCanadaReceiveInfo_Test">
    <skipped/>
  </testcase> <!-- enterCreditCardInformation -->
  <testcase name="selectModeOfPaymentandProvideInformation" time="0.0" classname="com.jav.Canada.tests.EOLCanadaReceiveInfo_nocourse_Test">
    <skipped/>
  </testcase> <!-- selectModeOfPaymentandProvideInformation -->
  <testcase name="verifyandClickOnTermAndComtitionsDisplayOnReviewandSubmitPage" time="0.0" classname="com.jav.Domestic.tests.EOLDomesticEnrollNow_nocourse_Test">
    <skipped/>
  </testcase> <!-- verifyandClickOnTermAndComtitionsDisplayOnReviewandSubmitPage -->
  <testcase name="enterCreditCardInformation" time="0.0" classname="com.jav.Domestic.tests.EOLDomesticReceiveInfo_Test">
    <skipped/>
  </testcase> <!-- enterCreditCardInformation -->
  <testcase name="selectModeOfPaymentandProvideInformation" time="0.0" classname="com.jav.Domestic.tests.EOLDomesticReceiveInfo_nocourse_Test">
    <skipped/>
  </testcase> <!-- selectModeOfPaymentandProvideInformation -->
  <testcase name="enterCreditCardInformation" time="0.0" classname="com.jav.Domestic.tests.SiteCoreULR_Feature_Test">
    <skipped/>
  </testcase> <!-- enterCreditCardInformation -->
  <testcase name="verifyElementsDisplayOnReviewAndSubmitPage" time="0.0" classname="com.jav.Canada.tests.EOLCanadaReceiveInfo_Test">
    <skipped/>
  </testcase> <!-- verifyElementsDisplayOnReviewAndSubmitPage -->
  <testcase name="verifyElementsDisplayAfterSelectModeOfPayment" time="0.0" classname="com.jav.Canada.tests.EOLCanadaReceiveInfo_nocourse_Test">
    <skipped/>
  </testcase> <!-- verifyElementsDisplayAfterSelectModeOfPayment -->
  <testcase name="verifyElementsDisplayOnReviewAndSubmitPage" time="0.0" classname="com.jav.Domestic.tests.EOLDomesticReceiveInfo_Test">
    <skipped/>
  </testcase> <!-- verifyElementsDisplayOnReviewAndSubmitPage -->
  <testcase name="verifyElementsDisplayAfterSelectModeOfPayment" time="0.0" classname="com.jav.Domestic.tests.EOLDomesticReceiveInfo_nocourse_Test">
    <skipped/>
  </testcase> <!-- verifyElementsDisplayAfterSelectModeOfPayment -->
  <testcase name="verifyElementsDisplayOnReviewAndSubmitPage" time="0.0" classname="com.jav.Domestic.tests.SiteCoreULR_Feature_Test">
    <skipped/>
  </testcase> <!-- verifyElementsDisplayOnReviewAndSubmitPage -->
  <testcase name="verifyEditButtonOnReviewAndSubmit" time="0.0" classname="com.jav.Canada.tests.EOLCanadaReceiveInfo_Test">
    <skipped/>
  </testcase> <!-- verifyEditButtonOnReviewAndSubmit -->
  <testcase name="enterCreditCardInformation" time="0.0" classname="com.jav.Canada.tests.EOLCanadaReceiveInfo_nocourse_Test">
    <skipped/>
  </testcase> <!-- enterCreditCardInformation -->
  <testcase name="verifyEditButtonOnReviewAndSubmit" time="0.0" classname="com.jav.Domestic.tests.EOLDomesticReceiveInfo_Test">
    <skipped/>
  </testcase> <!-- verifyEditButtonOnReviewAndSubmit -->
  <testcase name="enterCreditCardInformation" time="0.0" classname="com.jav.Domestic.tests.EOLDomesticReceiveInfo_nocourse_Test">
    <skipped/>
  </testcase> <!-- enterCreditCardInformation -->
  <testcase name="verifyEditButtonOnReviewAndSubmit" time="0.0" classname="com.jav.Domestic.tests.SiteCoreULR_Feature_Test">
    <skipped/>
  </testcase> <!-- verifyEditButtonOnReviewAndSubmit -->
  <testcase name="verifyandClickOnTermAndConditionsDisplayOnReviewandSubmitPage" time="0.016" classname="com.jav.Canada.tests.EOLCanadaReceiveInfo_Test">
    <skipped/>
  </testcase> <!-- verifyandClickOnTermAndConditionsDisplayOnReviewandSubmitPage -->
  <testcase name="verifyElementsDisplayOnReviewAndSubmitPage" time="0.0" classname="com.jav.Canada.tests.EOLCanadaReceiveInfo_nocourse_Test">
    <skipped/>
  </testcase> <!-- verifyElementsDisplayOnReviewAndSubmitPage -->
  <testcase name="verifyandClickOnTermAndComtitionsDisplayOnReviewandSubmitPage" time="0.0" classname="com.jav.Domestic.tests.EOLDomesticReceiveInfo_Test">
    <skipped/>
  </testcase> <!-- verifyandClickOnTermAndComtitionsDisplayOnReviewandSubmitPage -->
  <testcase name="verifyElementsDisplayOnReviewAndSubmitPage" time="0.0" classname="com.jav.Domestic.tests.EOLDomesticReceiveInfo_nocourse_Test">
    <skipped/>
  </testcase> <!-- verifyElementsDisplayOnReviewAndSubmitPage -->
  <testcase name="verifyandClickOnTermAndComtitionsDisplayOnReviewandSubmitPage" time="0.0" classname="com.jav.Domestic.tests.SiteCoreULR_Feature_Test">
    <skipped/>
  </testcase> <!-- verifyandClickOnTermAndComtitionsDisplayOnReviewandSubmitPage -->
  <testcase name="verifyandClickOnTermAndComtitionsDisplayOnReviewandSubmitPage" time="0.0" classname="com.jav.Canada.tests.EOLCanadaReceiveInfo_nocourse_Test">
    <skipped/>
  </testcase> <!-- verifyandClickOnTermAndComtitionsDisplayOnReviewandSubmitPage -->
  <testcase name="verifyEditButtonOnReviewAndSubmit" time="0.0" classname="com.jav.Domestic.tests.EOLDomesticReceiveInfo_nocourse_Test">
    <skipped/>
  </testcase> <!-- verifyEditButtonOnReviewAndSubmit -->
  <testcase name="verifyandClickOnTermAndComtitionsDisplayOnReviewandSubmitPage" time="0.0" classname="com.jav.Domestic.tests.EOLDomesticReceiveInfo_nocourse_Test">
    <skipped/>
  </testcase> <!-- verifyandClickOnTermAndComtitionsDisplayOnReviewandSubmitPage -->
</testsuite> <!-- Command line test -->
