<html>
<head>
<title>TestNG:  Default test</title>
<link href="../testng.css" rel="stylesheet" type="text/css" />
<link href="../my-testng.css" rel="stylesheet" type="text/css" />

<style type="text/css">
.log { display: none;} 
.stack-trace { display: none;} 
</style>
<script type="text/javascript">
<!--
function flip(e) {
  current = e.style.display;
  if (current == 'block') {
    e.style.display = 'none';
    return 0;
  }
  else {
    e.style.display = 'block';
    return 1;
  }
}

function toggleBox(szDivId, elem, msg1, msg2)
{
  var res = -1;  if (document.getElementById) {
    res = flip(document.getElementById(szDivId));
  }
  else if (document.all) {
    // this is the way old msie versions work
    res = flip(document.all[szDivId]);
  }
  if(elem) {
    if(res == 0) elem.innerHTML = msg1; else elem.innerHTML = msg2;
  }

}

function toggleAllBoxes() {
  if (document.getElementsByTagName) {
    d = document.getElementsByTagName('div');
    for (i = 0; i < d.length; i++) {
      if (d[i].className == 'log') {
        flip(d[i]);
      }
    }
  }
}

// -->
</script>

</head>
<body>
<h2 align='center'>Default test</h2><table border='1' align="center">
<tr>
<td>Tests passed/Failed/Skipped:</td><td>2/1/22</td>
</tr><tr>
<td>Started on:</td><td>Mon Mar 11 14:29:43 IST 2013</td>
</tr>
<tr><td>Total time:</td><td>159 seconds (159113 ms)</td>
</tr><tr>
<td>Included groups:</td><td></td>
</tr><tr>
<td>Excluded groups:</td><td></td>
</tr>
</table><p/>
<small><i>(Hover the method name to see the test class name)</i></small><p/>
<table width='100%' border='1' class='invocation-failed'>
<tr><td colspan='4' align='center'><b>FAILED TESTS</b></td></tr>
<tr><td><b>Test method</b></td>
<td width="30%"><b>Exception</b></td>
<td width="10%"><b>Time (seconds)</b></td>
<td><b>Instance</b></td>
</tr>
<tr>
<td title='com.jav.Domestic.tests.SiteCoreULR_Feature_Test.VerifySiteCoreHomePage()'><b>VerifySiteCoreHomePage</b><br>Test class: com.jav.Domestic.tests.SiteCoreULR_Feature_Test<br/>
<a href="#Output-21333591" onClick='toggleBox("Output-21333591", this, "Show output", "Hide output");'>Show output</a>

<a href="#Output-21333591" onClick="toggleAllBoxes();">Show all outputs</a>
<div class='log' id="Output-21333591">
Mon, 11 Mar 2013 14:30:57 IST  ########## Start Launch Home Page STARTS ###########
<br><br/>
Mon, 11 Mar 2013 14:30:57 IST Click on Receive Information (No course) - Pass
<br><br/>
Mon, 11 Mar 2013 14:31:18 IST  Penn Foster School Image Verify - Pass
<br><br/>
</div>
</td>
<td><div><pre>org.openqa.selenium.TimeoutException: Timed out after 50 seconds waiting for visibility of element located by By.xpath: //div[@id=&apos;ctl00_ctl00_MasterContentPlaceHolder_NestedMasterContentPlaceHolder_Form_div_ProgramName1&apos;]
Build info: version: &apos;2.25.0&apos;, revision: &apos;17482&apos;, time: &apos;2012-07-18 22:18:01&apos;
System info: os.name: &apos;Windows Vista&apos;, os.arch: &apos;x86&apos;, os.version: &apos;6.1&apos;, java.version: &apos;1.6.0&apos;
Driver info: driver.version: unknown
	at org.openqa.selenium.support.ui.FluentWait.timeoutException(FluentWait.java:255)
	at org.openqa.selenium.support.ui.FluentWait.timeoutException(FluentWait.java:270)
	at org.openqa.selenium.support.ui.FluentWait.until(FluentWait.java:222)
	at com.jav.Domestic.pageobjects.SiteCoreULR_Feature_UI.verifyUserNavigatedtoSiteCoreHomepage(SiteCoreULR_Feature_UI.java:400)
	at com.jav.Domestic.fixture.SiteCoreULR_Feature_Fixture.verifyNavigatedtoSiteCoreHomepage(SiteCoreULR_Feature_Fixture.java:15)
	at com.jav.Domestic.tests.SiteCoreULR_Feature_Test.VerifySiteCoreHomePage(SiteCoreULR_Feature_Test.java:75)
	at sun.reflect.NativeMethodAccessorImpl.invoke0(Native Method)
	at sun.reflect.NativeMethodAccessorImpl.invoke(NativeMethodAccessorImpl.java:39)
	at sun.reflect.DelegatingMethodAccessorImpl.invoke(DelegatingMethodAccessorImpl.java:25)
	at java.lang.reflect.Method.invoke(Method.java:597)
	at org.testng.internal.MethodInvocationHelper.invokeMethod(MethodInvocationHelper.java:80)
	at org.testng.internal.Invoker.invokeMethod(Invoker.java:714)
	at org.testng.internal.Invoker.invokeTestMethod(Invoker.java:901)
	at org.testng.internal.Invoker.invokeTestMethods(Invoker.java:1231)
	at org.testng.internal.TestMethodWorker.invokeTestMethods(TestMethodWorker.java:127)
	at org.testng.internal.TestMethodWorker.run(TestMethodWorker.java:111)
	at org.testng.TestRunner.privateRun(TestRunner.java:767)
	at org.testng.TestRunner.run(TestRunner.java:617)
	at org.testng.SuiteRunner.runTest(SuiteRunner.java:334)
	at org.testng.SuiteRunner.runSequentially(SuiteRunner.java:329)
	at org.testng.SuiteRunner.privateRun(SuiteRunner.java:291)
	at org.testng.SuiteRunner.run(SuiteRunner.java:240)
	at org.testng.SuiteRunnerWorker.runSuite(SuiteRunnerWorker.java:52)
	at org.testng.SuiteRunnerWorker.run(SuiteRunnerWorker.java:86)
	at org.testng.TestNG.runSuitesSequentially(TestNG.java:1197)
	at org.testng.TestNG.runSuitesLocally(TestNG.java:1122)
	at org.testng.TestNG.run(TestNG.java:1030)
	at org.testng.remote.RemoteTestNG.run(RemoteTestNG.java:111)
	at org.testng.remote.RemoteTestNG.initAndRun(RemoteTestNG.java:204)
	at org.testng.remote.RemoteTestNG.main(RemoteTestNG.java:175)
Caused by: org.openqa.selenium.NoSuchElementException: The element could not be found (WARNING: The server did not provide any stacktrace information)
Command duration or timeout: 30.06 seconds
For documentation on this error, please visit: http://seleniumhq.org/exceptions/no_such_element.html
Build info: version: &apos;2.25.0&apos;, revision: &apos;17482&apos;, time: &apos;2012-07-18 22:18:01&apos;
System info: os.name: &apos;Windows Vista&apos;, os.arch: &apos;x86&apos;, os.version: &apos;6.1&apos;, java.version: &apos;1.6.0&apos;
Driver info: driver.version: RemoteWebDriver
Session ID: b642d3cd1e9bd17b1294b55fb589edd1
	at sun.reflect.NativeConstructorAccessorImpl.newInstance0(Native Method)
	at sun.reflect.NativeConstructorAccessorImpl.newInstance(NativeConstructorAccessorImpl.java:39)
	at sun.reflect.DelegatingConstructorAccessorImpl.newInstance(DelegatingConstructorAccessorImpl.java:27)
	at java.lang.reflect.Constructor.newInstance(Constructor.java:513)
	at org.openqa.selenium.remote.ErrorHandler.createThrowable(ErrorHandler.java:188)
	at org.openqa.selenium.remote.ErrorHandler.throwIfResponseFailed(ErrorHandler.java:145)
	at org.openqa.selenium.remote.RemoteWebDriver.execute(RemoteWebDriver.java:498)
	at org.openqa.selenium.remote.RemoteWebDriver.findElement(RemoteWebDriver.java:268)
	at org.openqa.selenium.remote.RemoteWebDriver.findElementByXPath(RemoteWebDriver.java:353)
	at org.openqa.selenium.By$ByXPath.findElement(By.java:343)
	at org.openqa.selenium.remote.RemoteWebDriver.findElement(RemoteWebDriver.java:260)
	at org.openqa.selenium.support.ui.ExpectedConditions.findElement(ExpectedConditions.java:426)
	at org.openqa.selenium.support.ui.ExpectedConditions.access$000(ExpectedConditions.java:39)
	at org.openqa.selenium.support.ui.ExpectedConditions$4.apply(ExpectedConditions.java:126)
	at org.openqa.selenium.support.ui.ExpectedConditions$4.apply(ExpectedConditions.java:123)
	at org.openqa.selenium.support.ui.FluentWait.until(FluentWait.java:201)
	... 27 more
</pre></div><a href='#' onClick='toggleBox("stack-trace21333591", this, "Click to show all stack frames", "Click to hide stack frames")'>Click to show all stack frames</a>
<div class='stack-trace' id='stack-trace21333591'><pre>org.openqa.selenium.TimeoutException: Timed out after 50 seconds waiting for visibility of element located by By.xpath: //div[@id=&apos;ctl00_ctl00_MasterContentPlaceHolder_NestedMasterContentPlaceHolder_Form_div_ProgramName1&apos;]
Build info: version: &apos;2.25.0&apos;, revision: &apos;17482&apos;, time: &apos;2012-07-18 22:18:01&apos;
System info: os.name: &apos;Windows Vista&apos;, os.arch: &apos;x86&apos;, os.version: &apos;6.1&apos;, java.version: &apos;1.6.0&apos;
Driver info: driver.version: unknown
	at org.openqa.selenium.support.ui.FluentWait.timeoutException(FluentWait.java:255)
	at org.openqa.selenium.support.ui.FluentWait.timeoutException(FluentWait.java:270)
	at org.openqa.selenium.support.ui.FluentWait.until(FluentWait.java:222)
	at com.jav.Domestic.pageobjects.SiteCoreULR_Feature_UI.verifyUserNavigatedtoSiteCoreHomepage(SiteCoreULR_Feature_UI.java:400)
	at com.jav.Domestic.fixture.SiteCoreULR_Feature_Fixture.verifyNavigatedtoSiteCoreHomepage(SiteCoreULR_Feature_Fixture.java:15)
	at com.jav.Domestic.tests.SiteCoreULR_Feature_Test.VerifySiteCoreHomePage(SiteCoreULR_Feature_Test.java:75)
	at sun.reflect.NativeMethodAccessorImpl.invoke0(Native Method)
	at sun.reflect.NativeMethodAccessorImpl.invoke(NativeMethodAccessorImpl.java:39)
	at sun.reflect.DelegatingMethodAccessorImpl.invoke(DelegatingMethodAccessorImpl.java:25)
	at java.lang.reflect.Method.invoke(Method.java:597)
	at org.testng.internal.MethodInvocationHelper.invokeMethod(MethodInvocationHelper.java:80)
	at org.testng.internal.Invoker.invokeMethod(Invoker.java:714)
	at org.testng.internal.Invoker.invokeTestMethod(Invoker.java:901)
	at org.testng.internal.Invoker.invokeTestMethods(Invoker.java:1231)
	at org.testng.internal.TestMethodWorker.invokeTestMethods(TestMethodWorker.java:127)
	at org.testng.internal.TestMethodWorker.run(TestMethodWorker.java:111)
	at org.testng.TestRunner.privateRun(TestRunner.java:767)
	at org.testng.TestRunner.run(TestRunner.java:617)
	at org.testng.SuiteRunner.runTest(SuiteRunner.java:334)
	at org.testng.SuiteRunner.runSequentially(SuiteRunner.java:329)
	at org.testng.SuiteRunner.privateRun(SuiteRunner.java:291)
	at org.testng.SuiteRunner.run(SuiteRunner.java:240)
	at org.testng.SuiteRunnerWorker.runSuite(SuiteRunnerWorker.java:52)
	at org.testng.SuiteRunnerWorker.run(SuiteRunnerWorker.java:86)
	at org.testng.TestNG.runSuitesSequentially(TestNG.java:1197)
	at org.testng.TestNG.runSuitesLocally(TestNG.java:1122)
	at org.testng.TestNG.run(TestNG.java:1030)
	at org.testng.remote.RemoteTestNG.run(RemoteTestNG.java:111)
	at org.testng.remote.RemoteTestNG.initAndRun(RemoteTestNG.java:204)
	at org.testng.remote.RemoteTestNG.main(RemoteTestNG.java:175)
Caused by: org.openqa.selenium.NoSuchElementException: The element could not be found (WARNING: The server did not provide any stacktrace information)
Command duration or timeout: 30.06 seconds
For documentation on this error, please visit: http://seleniumhq.org/exceptions/no_such_element.html
Build info: version: &apos;2.25.0&apos;, revision: &apos;17482&apos;, time: &apos;2012-07-18 22:18:01&apos;
System info: os.name: &apos;Windows Vista&apos;, os.arch: &apos;x86&apos;, os.version: &apos;6.1&apos;, java.version: &apos;1.6.0&apos;
Driver info: driver.version: RemoteWebDriver
Session ID: b642d3cd1e9bd17b1294b55fb589edd1
	at sun.reflect.NativeConstructorAccessorImpl.newInstance0(Native Method)
	at sun.reflect.NativeConstructorAccessorImpl.newInstance(NativeConstructorAccessorImpl.java:39)
	at sun.reflect.DelegatingConstructorAccessorImpl.newInstance(DelegatingConstructorAccessorImpl.java:27)
	at java.lang.reflect.Constructor.newInstance(Constructor.java:513)
	at org.openqa.selenium.remote.ErrorHandler.createThrowable(ErrorHandler.java:188)
	at org.openqa.selenium.remote.ErrorHandler.throwIfResponseFailed(ErrorHandler.java:145)
	at org.openqa.selenium.remote.RemoteWebDriver.execute(RemoteWebDriver.java:498)
	at org.openqa.selenium.remote.RemoteWebDriver.findElement(RemoteWebDriver.java:268)
	at org.openqa.selenium.remote.RemoteWebDriver.findElementByXPath(RemoteWebDriver.java:353)
	at org.openqa.selenium.By$ByXPath.findElement(By.java:343)
	at org.openqa.selenium.remote.RemoteWebDriver.findElement(RemoteWebDriver.java:260)
	at org.openqa.selenium.support.ui.ExpectedConditions.findElement(ExpectedConditions.java:426)
	at org.openqa.selenium.support.ui.ExpectedConditions.access$000(ExpectedConditions.java:39)
	at org.openqa.selenium.support.ui.ExpectedConditions$4.apply(ExpectedConditions.java:126)
	at org.openqa.selenium.support.ui.ExpectedConditions$4.apply(ExpectedConditions.java:123)
	at org.openqa.selenium.support.ui.FluentWait.until(FluentWait.java:201)
	... 27 more
</pre></div></td>
<td>82</td>
<td>com.jav.Domestic.tests.SiteCoreULR_Feature_Test@17471e0</td></tr>
</table><p>
<table width='100%' border='1' class='invocation-passed'>
<tr><td colspan='4' align='center'><b>PASSED TESTS</b></td></tr>
<tr><td><b>Test method</b></td>
<td width="30%"><b>Exception</b></td>
<td width="10%"><b>Time (seconds)</b></td>
<td><b>Instance</b></td>
</tr>
<tr>
<td title='com.jav.Domestic.tests.SiteCoreULR_Feature_Test.launchSelectedSiteCoreURL()'><b>launchSelectedSiteCoreURL</b><br>Test class: com.jav.Domestic.tests.SiteCoreULR_Feature_Test<br/>
<a href="#Output-16598626" onClick='toggleBox("Output-16598626", this, "Show output", "Hide output");'>Show output</a>

<a href="#Output-16598626" onClick="toggleAllBoxes();">Show all outputs</a>
<div class='log' id="Output-16598626">
Mon, 11 Mar 2013 14:29:56 IST  ########## Start Launch Home Page STARTS ###########
<br><br/>
Mon, 11 Mar 2013 14:30:57 IST  ########## Start Launch Home Page ENDS ###########
<br><br/>
</div>
</td>
<td></td>
<td>60</td>
<td>com.jav.Domestic.tests.SiteCoreULR_Feature_Test@17471e0</td></tr>
<tr>
<td title='com.jav.Domestic.tests.SiteCoreULR_Feature_Test.setup()'><b>setup</b><br>Test class: com.jav.Domestic.tests.SiteCoreULR_Feature_Test<br/>
<a href="#Output-3916375" onClick='toggleBox("Output-3916375", this, "Show output", "Hide output");'>Show output</a>

<a href="#Output-3916375" onClick="toggleAllBoxes();">Show all outputs</a>
<div class='log' id="Output-3916375">
Mon, 11 Mar 2013 14:29:43 IST  ########## Start browser session STARTS ###########
<br><br/>
Mon, 11 Mar 2013 14:29:56 IST  ########## Start browser session ENDS ###########
<br><br/>
</div>
</td>
<td></td>
<td>13</td>
<td>com.jav.Domestic.tests.SiteCoreULR_Feature_Test@17471e0</td></tr>
</table><p>
<table width='100%' border='1' class='invocation-skipped'>
<tr><td colspan='4' align='center'><b>SKIPPED TESTS</b></td></tr>
<tr><td><b>Test method</b></td>
<td width="30%"><b>Exception</b></td>
<td width="10%"><b>Time (seconds)</b></td>
<td><b>Instance</b></td>
</tr>
<tr>
<td title='com.jav.Domestic.tests.SiteCoreULR_Feature_Test.enterAllInformationOnPersonalInformatoinPage()'><b>enterAllInformationOnPersonalInformatoinPage</b><br>Test class: com.jav.Domestic.tests.SiteCoreULR_Feature_Test</td>
<td></td>
<td>0</td>
<td>null</td></tr>
<tr>
<td title='com.jav.Domestic.tests.SiteCoreULR_Feature_Test.enterCreditCardInformation()'><b>enterCreditCardInformation</b><br>Test class: com.jav.Domestic.tests.SiteCoreULR_Feature_Test</td>
<td></td>
<td>0</td>
<td>null</td></tr>
<tr>
<td title='com.jav.Domestic.tests.SiteCoreULR_Feature_Test.enterCreditCardInformationAfterCreditCardSelection()'><b>enterCreditCardInformationAfterCreditCardSelection</b><br>Test class: com.jav.Domestic.tests.SiteCoreULR_Feature_Test</td>
<td></td>
<td>0</td>
<td>null</td></tr>
<tr>
<td title='com.jav.Domestic.tests.SiteCoreULR_Feature_Test.enterRemaningInformationOnPersonalInformatoinPage()'><b>enterRemaningInformationOnPersonalInformatoinPage</b><br>Test class: com.jav.Domestic.tests.SiteCoreULR_Feature_Test</td>
<td></td>
<td>0</td>
<td>null</td></tr>
<tr>
<td title='com.jav.Domestic.tests.SiteCoreULR_Feature_Test.enterStudentInformationOnStep1Page()'><b>enterStudentInformationOnStep1Page</b><br>Test class: com.jav.Domestic.tests.SiteCoreULR_Feature_Test</td>
<td></td>
<td>0</td>
<td>null</td></tr>
<tr>
<td title='com.jav.Domestic.tests.SiteCoreULR_Feature_Test.redirectToThankYouPageAndClickEnrollOnLine()'><b>redirectToThankYouPageAndClickEnrollOnLine</b><br>Test class: com.jav.Domestic.tests.SiteCoreULR_Feature_Test</td>
<td></td>
<td>0</td>
<td>null</td></tr>
<tr>
<td title='com.jav.Domestic.tests.SiteCoreULR_Feature_Test.selectModeOfPaymentandFillInformation()'><b>selectModeOfPaymentandFillInformation</b><br>Test class: com.jav.Domestic.tests.SiteCoreULR_Feature_Test</td>
<td></td>
<td>0</td>
<td>null</td></tr>
<tr>
<td title='com.jav.Domestic.tests.SiteCoreULR_Feature_Test.selectModeOfPaymentandProvideInformation()'><b>selectModeOfPaymentandProvideInformation</b><br>Test class: com.jav.Domestic.tests.SiteCoreULR_Feature_Test</td>
<td></td>
<td>0</td>
<td>null</td></tr>
<tr>
<td title='com.jav.Domestic.tests.SiteCoreULR_Feature_Test.verifyEditButtonOnReviewAndSubmit()'><b>verifyEditButtonOnReviewAndSubmit</b><br>Test class: com.jav.Domestic.tests.SiteCoreULR_Feature_Test</td>
<td></td>
<td>0</td>
<td>null</td></tr>
<tr>
<td title='com.jav.Domestic.tests.SiteCoreULR_Feature_Test.verifyElementDisplayOnPersonalInformationPage()'><b>verifyElementDisplayOnPersonalInformationPage</b><br>Test class: com.jav.Domestic.tests.SiteCoreULR_Feature_Test</td>
<td></td>
<td>0</td>
<td>null</td></tr>
<tr>
<td title='com.jav.Domestic.tests.SiteCoreULR_Feature_Test.verifyElementsDisplayAfterSelectModeOfPayment()'><b>verifyElementsDisplayAfterSelectModeOfPayment</b><br>Test class: com.jav.Domestic.tests.SiteCoreULR_Feature_Test</td>
<td></td>
<td>0</td>
<td>null</td></tr>
<tr>
<td title='com.jav.Domestic.tests.SiteCoreULR_Feature_Test.verifyElementsDisplayOnPaymentInformation()'><b>verifyElementsDisplayOnPaymentInformation</b><br>Test class: com.jav.Domestic.tests.SiteCoreULR_Feature_Test</td>
<td></td>
<td>0</td>
<td>null</td></tr>
<tr>
<td title='com.jav.Domestic.tests.SiteCoreULR_Feature_Test.verifyElementsDisplayOnPaymentInformationPage()'><b>verifyElementsDisplayOnPaymentInformationPage</b><br>Test class: com.jav.Domestic.tests.SiteCoreULR_Feature_Test</td>
<td></td>
<td>0</td>
<td>null</td></tr>
<tr>
<td title='com.jav.Domestic.tests.SiteCoreULR_Feature_Test.verifyElementsDisplayOnReviewAndSubmitPage()'><b>verifyElementsDisplayOnReviewAndSubmitPage</b><br>Test class: com.jav.Domestic.tests.SiteCoreULR_Feature_Test</td>
<td></td>
<td>0</td>
<td>null</td></tr>
<tr>
<td title='com.jav.Domestic.tests.SiteCoreULR_Feature_Test.verifyElementsDisplayOnStep1EnrollmentProcess()'><b>verifyElementsDisplayOnStep1EnrollmentProcess</b><br>Test class: com.jav.Domestic.tests.SiteCoreULR_Feature_Test</td>
<td></td>
<td>0</td>
<td>null</td></tr>
<tr>
<td title='com.jav.Domestic.tests.SiteCoreULR_Feature_Test.verifyElementsDisplayedAfterSelectModeOfPayment()'><b>verifyElementsDisplayedAfterSelectModeOfPayment</b><br>Test class: com.jav.Domestic.tests.SiteCoreULR_Feature_Test</td>
<td></td>
<td>0</td>
<td>null</td></tr>
<tr>
<td title='com.jav.Domestic.tests.SiteCoreULR_Feature_Test.verifyElementsDisplayedOnReviewAndSubmitPage()'><b>verifyElementsDisplayedOnReviewAndSubmitPage</b><br>Test class: com.jav.Domestic.tests.SiteCoreULR_Feature_Test</td>
<td></td>
<td>0</td>
<td>null</td></tr>
<tr>
<td title='com.jav.Domestic.tests.SiteCoreULR_Feature_Test.verifyRedirectToPaymentInformationPage()'><b>verifyRedirectToPaymentInformationPage</b><br>Test class: com.jav.Domestic.tests.SiteCoreULR_Feature_Test</td>
<td></td>
<td>0</td>
<td>null</td></tr>
<tr>
<td title='com.jav.Domestic.tests.SiteCoreULR_Feature_Test.verifyUserNavigatedtoEnrollNowSiteCoreHomepage()'><b>verifyUserNavigatedtoEnrollNowSiteCoreHomepage</b><br>Test class: com.jav.Domestic.tests.SiteCoreULR_Feature_Test</td>
<td></td>
<td>0</td>
<td>null</td></tr>
<tr>
<td title='com.jav.Domestic.tests.SiteCoreULR_Feature_Test.verifyandClickOnTermAndComtitionsDisplayOnReviewandSubmitPage()'><b>verifyandClickOnTermAndComtitionsDisplayOnReviewandSubmitPage</b><br>Test class: com.jav.Domestic.tests.SiteCoreULR_Feature_Test</td>
<td></td>
<td>0</td>
<td>null</td></tr>
<tr>
<td title='com.jav.Domestic.tests.SiteCoreULR_Feature_Test.verifyandClickOnTermAndConditionsOnReviewandSubmitPage()'><b>verifyandClickOnTermAndConditionsOnReviewandSubmitPage</b><br>Test class: com.jav.Domestic.tests.SiteCoreULR_Feature_Test</td>
<td></td>
<td>0</td>
<td>null</td></tr>
<tr>
<td title='com.jav.Domestic.tests.SiteCoreULR_Feature_Test.verifyredirectToPaymentInformationPage()'><b>verifyredirectToPaymentInformationPage</b><br>Test class: com.jav.Domestic.tests.SiteCoreULR_Feature_Test</td>
<td></td>
<td>0</td>
<td>null</td></tr>
</table><p>
</body>
</html>